<?xml version="1.0" encoding="UTF-8"?>
<testng-results skipped="15" failed="1" ignored="0" total="24" passed="8">
  <reporter-output>
  </reporter-output>
  <suite name="Hipaat" duration-ms="158925" started-at="2018-05-21T17:09:32Z" finished-at="2018-05-21T17:12:11Z">
    <groups>
    </groups>
    <test name="Regression tests" duration-ms="158925" started-at="2018-05-21T17:09:32Z" finished-at="2018-05-21T17:12:11Z">
      <class name="com.BusyQa.Hipaat.TestCases.BeHO_TC_011">
        <test-method status="PASS" signature="setUp()[pri:0, instance:com.BusyQa.Hipaat.TestCases.BeHO_TC_011@704a52ec]" name="setUp" is-config="true" duration-ms="7821" started-at="2018-05-21T13:11:21Z" finished-at="2018-05-21T13:11:29Z">
          <reporter-output>
          </reporter-output>
        </test-method> <!-- setUp -->
        <test-method status="PASS" signature="TC_011_verifyScheduling()[pri:0, instance:com.BusyQa.Hipaat.TestCases.BeHO_TC_011@704a52ec]" name="TC_011_verifyScheduling" duration-ms="5398" started-at="2018-05-21T13:11:29Z" finished-at="2018-05-21T13:11:34Z">
          <reporter-output>
          </reporter-output>
        </test-method> <!-- TC_011_verifyScheduling -->
        <test-method status="PASS" signature="tearDown()[pri:0, instance:com.BusyQa.Hipaat.TestCases.BeHO_TC_011@704a52ec]" name="tearDown" is-config="true" duration-ms="597" started-at="2018-05-21T13:11:34Z" finished-at="2018-05-21T13:11:35Z">
          <reporter-output>
          </reporter-output>
        </test-method> <!-- tearDown -->
        <test-method status="PASS" signature="getScreenShot(org.testng.ITestResult)[pri:0, instance:com.BusyQa.Hipaat.TestCases.BeHO_TC_011@704a52ec]" name="getScreenShot" is-config="true" duration-ms="0" started-at="2018-05-21T13:11:35Z" finished-at="2018-05-21T13:11:35Z">
          <params>
            <param index="0">
              <value>
                <![CDATA[[TestResult name=TC_011_verifyScheduling status=SUCCESS method=BeHO_TC_011.TC_011_verifyScheduling()[pri:0, instance:com.BusyQa.Hipaat.TestCases.BeHO_TC_011@704a52ec] output={null}]]]>
              </value>
            </param>
          </params>
          <reporter-output>
          </reporter-output>
        </test-method> <!-- getScreenShot -->
      </class> <!-- com.BusyQa.Hipaat.TestCases.BeHO_TC_011 -->
      <class name="com.BusyQa.Hipaat.TestCases.BeHO_TC_022">
        <test-method status="SKIP" signature="getScreenShot(org.testng.ITestResult)[pri:0, instance:com.BusyQa.Hipaat.TestCases.BeHO_TC_022@1877ab81]" name="getScreenShot" is-config="true" duration-ms="0" started-at="2018-05-21T13:12:11Z" finished-at="2018-05-21T13:12:11Z">
          <reporter-output>
          </reporter-output>
        </test-method> <!-- getScreenShot -->
        <test-method status="SKIP" signature="setUp()[pri:0, instance:com.BusyQa.Hipaat.TestCases.BeHO_TC_022@1877ab81]" name="setUp" is-config="true" duration-ms="0" started-at="2018-05-21T13:12:11Z" finished-at="2018-05-21T13:12:11Z">
          <reporter-output>
          </reporter-output>
        </test-method> <!-- setUp -->
        <test-method status="SKIP" signature="TC_022_verifyHelp_Reportpage()[pri:0, instance:com.BusyQa.Hipaat.TestCases.BeHO_TC_022@1877ab81]" name="TC_022_verifyHelp_Reportpage" duration-ms="0" started-at="2018-05-21T13:12:11Z" finished-at="2018-05-21T13:12:11Z">
          <exception class="org.openqa.selenium.NoSuchSessionException">
            <message>
              <![CDATA[Session ID is null. Using WebDriver after calling quit()?Build info: version: '3.10.0', revision: '176b4a9', time: '2018-03-02T19:03:16.397Z'System info: host: 'FARNAAZ-PC', ip: '192.168.0.11', os.name: 'Windows 7', os.arch: 'amd64', os.version: '6.1', java.version: '1.8.0_171'Driver info: driver.version: RemoteWebDriver]]>
            </message>
            <full-stacktrace>
              <![CDATA[org.openqa.selenium.NoSuchSessionException: Session ID is null. Using WebDriver after calling quit()?Build info: version: '3.10.0', revision: '176b4a9', time: '2018-03-02T19:03:16.397Z'System info: host: 'FARNAAZ-PC', ip: '192.168.0.11', os.name: 'Windows 7', os.arch: 'amd64', os.version: '6.1', java.version: '1.8.0_171'Driver info: driver.version: RemoteWebDriverat org.openqa.selenium.remote.HttpCommandExecutor.execute(HttpCommandExecutor.java:127)at org.openqa.selenium.remote.service.DriverCommandExecutor.execute(DriverCommandExecutor.java:83)at org.openqa.selenium.remote.RemoteWebDriver.execute(RemoteWebDriver.java:601)at org.openqa.selenium.remote.RemoteWebDriver.execute(RemoteWebDriver.java:658)at org.openqa.selenium.remote.RemoteWebDriver.getScreenshotAs(RemoteWebDriver.java:343)at com.BusyQa.Hipaat.TestBase.TestBaseClass.getScreenShot(TestBaseClass.java:94)at sun.reflect.NativeMethodAccessorImpl.invoke0(Native Method)at sun.reflect.NativeMethodAccessorImpl.invoke(NativeMethodAccessorImpl.java:62)at sun.reflect.DelegatingMethodAccessorImpl.invoke(DelegatingMethodAccessorImpl.java:43)at java.lang.reflect.Method.invoke(Method.java:498)at org.testng.internal.MethodInvocationHelper.invokeMethod(MethodInvocationHelper.java:124)at org.testng.internal.MethodInvocationHelper.invokeMethodConsideringTimeout(MethodInvocationHelper.java:59)at org.testng.internal.Invoker.invokeConfigurationMethod(Invoker.java:451)at org.testng.internal.Invoker.invokeConfigurations(Invoker.java:222)at org.testng.internal.Invoker.invokeMethod(Invoker.java:634)at org.testng.internal.Invoker.invokeTestMethod(Invoker.java:707)at org.testng.internal.Invoker.invokeTestMethods(Invoker.java:979)at org.testng.internal.TestMethodWorker.invokeTestMethods(TestMethodWorker.java:125)at org.testng.internal.TestMethodWorker.run(TestMethodWorker.java:109)at org.testng.TestRunner.privateRun(TestRunner.java:648)at org.testng.TestRunner.run(TestRunner.java:505)at org.testng.SuiteRunner.runTest(SuiteRunner.java:455)at org.testng.SuiteRunner.runSequentially(SuiteRunner.java:450)at org.testng.SuiteRunner.privateRun(SuiteRunner.java:415)at org.testng.SuiteRunner.run(SuiteRunner.java:364)at org.testng.SuiteRunnerWorker.runSuite(SuiteRunnerWorker.java:52)at org.testng.SuiteRunnerWorker.run(SuiteRunnerWorker.java:84)at org.testng.TestNG.runSuitesSequentially(TestNG.java:1187)at org.testng.TestNG.runSuitesLocally(TestNG.java:1116)at org.testng.TestNG.runSuites(TestNG.java:1028)at org.testng.TestNG.run(TestNG.java:996)at org.testng.remote.AbstractRemoteTestNG.run(AbstractRemoteTestNG.java:114)at org.testng.remote.RemoteTestNG.initAndRun(RemoteTestNG.java:251)at org.testng.remote.RemoteTestNG.main(RemoteTestNG.java:77)]]>
            </full-stacktrace>
          </exception> <!-- org.openqa.selenium.NoSuchSessionException -->
          <reporter-output>
          </reporter-output>
        </test-method> <!-- TC_022_verifyHelp_Reportpage -->
        <test-method status="SKIP" signature="tearDown()[pri:0, instance:com.BusyQa.Hipaat.TestCases.BeHO_TC_022@1877ab81]" name="tearDown" is-config="true" duration-ms="0" started-at="2018-05-21T13:12:11Z" finished-at="2018-05-21T13:12:11Z">
          <reporter-output>
          </reporter-output>
        </test-method> <!-- tearDown -->
      </class> <!-- com.BusyQa.Hipaat.TestCases.BeHO_TC_022 -->
      <class name="com.BusyQa.Hipaat.TestCases.BeHO_TC_033">
        <test-method status="SKIP" signature="setUp()[pri:0, instance:com.BusyQa.Hipaat.TestCases.BeHO_TC_033@1563da5]" name="setUp" is-config="true" duration-ms="0" started-at="2018-05-21T13:12:11Z" finished-at="2018-05-21T13:12:11Z">
          <reporter-output>
          </reporter-output>
        </test-method> <!-- setUp -->
        <test-method status="SKIP" signature="getScreenShot(org.testng.ITestResult)[pri:0, instance:com.BusyQa.Hipaat.TestCases.BeHO_TC_033@1563da5]" name="getScreenShot" is-config="true" duration-ms="0" started-at="2018-05-21T13:12:11Z" finished-at="2018-05-21T13:12:11Z">
          <reporter-output>
          </reporter-output>
        </test-method> <!-- getScreenShot -->
        <test-method status="SKIP" signature="tearDown()[pri:0, instance:com.BusyQa.Hipaat.TestCases.BeHO_TC_033@1563da5]" name="tearDown" is-config="true" duration-ms="0" started-at="2018-05-21T13:12:11Z" finished-at="2018-05-21T13:12:11Z">
          <reporter-output>
          </reporter-output>
        </test-method> <!-- tearDown -->
        <test-method status="SKIP" signature="TC_033_confidentiality()[pri:0, instance:com.BusyQa.Hipaat.TestCases.BeHO_TC_033@1563da5]" name="TC_033_confidentiality" duration-ms="0" started-at="2018-05-21T13:12:11Z" finished-at="2018-05-21T13:12:11Z">
          <exception class="org.openqa.selenium.NoSuchSessionException">
            <message>
              <![CDATA[Session ID is null. Using WebDriver after calling quit()?Build info: version: '3.10.0', revision: '176b4a9', time: '2018-03-02T19:03:16.397Z'System info: host: 'FARNAAZ-PC', ip: '192.168.0.11', os.name: 'Windows 7', os.arch: 'amd64', os.version: '6.1', java.version: '1.8.0_171'Driver info: driver.version: RemoteWebDriver]]>
            </message>
            <full-stacktrace>
              <![CDATA[org.openqa.selenium.NoSuchSessionException: Session ID is null. Using WebDriver after calling quit()?Build info: version: '3.10.0', revision: '176b4a9', time: '2018-03-02T19:03:16.397Z'System info: host: 'FARNAAZ-PC', ip: '192.168.0.11', os.name: 'Windows 7', os.arch: 'amd64', os.version: '6.1', java.version: '1.8.0_171'Driver info: driver.version: RemoteWebDriverat org.openqa.selenium.remote.HttpCommandExecutor.execute(HttpCommandExecutor.java:127)at org.openqa.selenium.remote.service.DriverCommandExecutor.execute(DriverCommandExecutor.java:83)at org.openqa.selenium.remote.RemoteWebDriver.execute(RemoteWebDriver.java:601)at org.openqa.selenium.remote.RemoteWebDriver.execute(RemoteWebDriver.java:658)at org.openqa.selenium.remote.RemoteWebDriver.getScreenshotAs(RemoteWebDriver.java:343)at com.BusyQa.Hipaat.TestBase.TestBaseClass.getScreenShot(TestBaseClass.java:94)at sun.reflect.NativeMethodAccessorImpl.invoke0(Native Method)at sun.reflect.NativeMethodAccessorImpl.invoke(NativeMethodAccessorImpl.java:62)at sun.reflect.DelegatingMethodAccessorImpl.invoke(DelegatingMethodAccessorImpl.java:43)at java.lang.reflect.Method.invoke(Method.java:498)at org.testng.internal.MethodInvocationHelper.invokeMethod(MethodInvocationHelper.java:124)at org.testng.internal.MethodInvocationHelper.invokeMethodConsideringTimeout(MethodInvocationHelper.java:59)at org.testng.internal.Invoker.invokeConfigurationMethod(Invoker.java:451)at org.testng.internal.Invoker.invokeConfigurations(Invoker.java:222)at org.testng.internal.Invoker.invokeMethod(Invoker.java:634)at org.testng.internal.Invoker.invokeTestMethod(Invoker.java:707)at org.testng.internal.Invoker.invokeTestMethods(Invoker.java:979)at org.testng.internal.TestMethodWorker.invokeTestMethods(TestMethodWorker.java:125)at org.testng.internal.TestMethodWorker.run(TestMethodWorker.java:109)at org.testng.TestRunner.privateRun(TestRunner.java:648)at org.testng.TestRunner.run(TestRunner.java:505)at org.testng.SuiteRunner.runTest(SuiteRunner.java:455)at org.testng.SuiteRunner.runSequentially(SuiteRunner.java:450)at org.testng.SuiteRunner.privateRun(SuiteRunner.java:415)at org.testng.SuiteRunner.run(SuiteRunner.java:364)at org.testng.SuiteRunnerWorker.runSuite(SuiteRunnerWorker.java:52)at org.testng.SuiteRunnerWorker.run(SuiteRunnerWorker.java:84)at org.testng.TestNG.runSuitesSequentially(TestNG.java:1187)at org.testng.TestNG.runSuitesLocally(TestNG.java:1116)at org.testng.TestNG.runSuites(TestNG.java:1028)at org.testng.TestNG.run(TestNG.java:996)at org.testng.remote.AbstractRemoteTestNG.run(AbstractRemoteTestNG.java:114)at org.testng.remote.RemoteTestNG.initAndRun(RemoteTestNG.java:251)at org.testng.remote.RemoteTestNG.main(RemoteTestNG.java:77)]]>
            </full-stacktrace>
          </exception> <!-- org.openqa.selenium.NoSuchSessionException -->
          <reporter-output>
          </reporter-output>
        </test-method> <!-- TC_033_confidentiality -->
      </class> <!-- com.BusyQa.Hipaat.TestCases.BeHO_TC_033 -->
      <class name="com.BusyQa.Hipaat.TestCases.BeHO_TC_021">
        <test-method status="SKIP" signature="setUp()[pri:0, instance:com.BusyQa.Hipaat.TestCases.BeHO_TC_021@4232c52b]" name="setUp" is-config="true" duration-ms="0" started-at="2018-05-21T13:12:11Z" finished-at="2018-05-21T13:12:11Z">
          <reporter-output>
          </reporter-output>
        </test-method> <!-- setUp -->
        <test-method status="SKIP" signature="TC_021_verifyHelp_Patientpage()[pri:0, instance:com.BusyQa.Hipaat.TestCases.BeHO_TC_021@4232c52b]" name="TC_021_verifyHelp_Patientpage" duration-ms="0" started-at="2018-05-21T13:12:11Z" finished-at="2018-05-21T13:12:11Z">
          <exception class="org.openqa.selenium.NoSuchSessionException">
            <message>
              <![CDATA[Session ID is null. Using WebDriver after calling quit()?Build info: version: '3.10.0', revision: '176b4a9', time: '2018-03-02T19:03:16.397Z'System info: host: 'FARNAAZ-PC', ip: '192.168.0.11', os.name: 'Windows 7', os.arch: 'amd64', os.version: '6.1', java.version: '1.8.0_171'Driver info: driver.version: RemoteWebDriver]]>
            </message>
            <full-stacktrace>
              <![CDATA[org.openqa.selenium.NoSuchSessionException: Session ID is null. Using WebDriver after calling quit()?Build info: version: '3.10.0', revision: '176b4a9', time: '2018-03-02T19:03:16.397Z'System info: host: 'FARNAAZ-PC', ip: '192.168.0.11', os.name: 'Windows 7', os.arch: 'amd64', os.version: '6.1', java.version: '1.8.0_171'Driver info: driver.version: RemoteWebDriverat org.openqa.selenium.remote.HttpCommandExecutor.execute(HttpCommandExecutor.java:127)at org.openqa.selenium.remote.service.DriverCommandExecutor.execute(DriverCommandExecutor.java:83)at org.openqa.selenium.remote.RemoteWebDriver.execute(RemoteWebDriver.java:601)at org.openqa.selenium.remote.RemoteWebDriver.execute(RemoteWebDriver.java:658)at org.openqa.selenium.remote.RemoteWebDriver.getScreenshotAs(RemoteWebDriver.java:343)at com.BusyQa.Hipaat.TestBase.TestBaseClass.getScreenShot(TestBaseClass.java:94)at sun.reflect.NativeMethodAccessorImpl.invoke0(Native Method)at sun.reflect.NativeMethodAccessorImpl.invoke(NativeMethodAccessorImpl.java:62)at sun.reflect.DelegatingMethodAccessorImpl.invoke(DelegatingMethodAccessorImpl.java:43)at java.lang.reflect.Method.invoke(Method.java:498)at org.testng.internal.MethodInvocationHelper.invokeMethod(MethodInvocationHelper.java:124)at org.testng.internal.MethodInvocationHelper.invokeMethodConsideringTimeout(MethodInvocationHelper.java:59)at org.testng.internal.Invoker.invokeConfigurationMethod(Invoker.java:451)at org.testng.internal.Invoker.invokeConfigurations(Invoker.java:222)at org.testng.internal.Invoker.invokeMethod(Invoker.java:634)at org.testng.internal.Invoker.invokeTestMethod(Invoker.java:707)at org.testng.internal.Invoker.invokeTestMethods(Invoker.java:979)at org.testng.internal.TestMethodWorker.invokeTestMethods(TestMethodWorker.java:125)at org.testng.internal.TestMethodWorker.run(TestMethodWorker.java:109)at org.testng.TestRunner.privateRun(TestRunner.java:648)at org.testng.TestRunner.run(TestRunner.java:505)at org.testng.SuiteRunner.runTest(SuiteRunner.java:455)at org.testng.SuiteRunner.runSequentially(SuiteRunner.java:450)at org.testng.SuiteRunner.privateRun(SuiteRunner.java:415)at org.testng.SuiteRunner.run(SuiteRunner.java:364)at org.testng.SuiteRunnerWorker.runSuite(SuiteRunnerWorker.java:52)at org.testng.SuiteRunnerWorker.run(SuiteRunnerWorker.java:84)at org.testng.TestNG.runSuitesSequentially(TestNG.java:1187)at org.testng.TestNG.runSuitesLocally(TestNG.java:1116)at org.testng.TestNG.runSuites(TestNG.java:1028)at org.testng.TestNG.run(TestNG.java:996)at org.testng.remote.AbstractRemoteTestNG.run(AbstractRemoteTestNG.java:114)at org.testng.remote.RemoteTestNG.initAndRun(RemoteTestNG.java:251)at org.testng.remote.RemoteTestNG.main(RemoteTestNG.java:77)]]>
            </full-stacktrace>
          </exception> <!-- org.openqa.selenium.NoSuchSessionException -->
          <reporter-output>
          </reporter-output>
        </test-method> <!-- TC_021_verifyHelp_Patientpage -->
        <test-method status="SKIP" signature="getScreenShot(org.testng.ITestResult)[pri:0, instance:com.BusyQa.Hipaat.TestCases.BeHO_TC_021@4232c52b]" name="getScreenShot" is-config="true" duration-ms="0" started-at="2018-05-21T13:12:11Z" finished-at="2018-05-21T13:12:11Z">
          <reporter-output>
          </reporter-output>
        </test-method> <!-- getScreenShot -->
        <test-method status="SKIP" signature="tearDown()[pri:0, instance:com.BusyQa.Hipaat.TestCases.BeHO_TC_021@4232c52b]" name="tearDown" is-config="true" duration-ms="0" started-at="2018-05-21T13:12:11Z" finished-at="2018-05-21T13:12:11Z">
          <reporter-output>
          </reporter-output>
        </test-method> <!-- tearDown -->
      </class> <!-- com.BusyQa.Hipaat.TestCases.BeHO_TC_021 -->
      <class name="com.BusyQa.Hipaat.TestCases.BeHO_TC_032">
        <test-method status="SKIP" signature="TC_032_categorycode()[pri:0, instance:com.BusyQa.Hipaat.TestCases.BeHO_TC_032@ea1a8d5]" name="TC_032_categorycode" duration-ms="0" started-at="2018-05-21T13:12:11Z" finished-at="2018-05-21T13:12:11Z">
          <exception class="org.openqa.selenium.NoSuchSessionException">
            <message>
              <![CDATA[Session ID is null. Using WebDriver after calling quit()?Build info: version: '3.10.0', revision: '176b4a9', time: '2018-03-02T19:03:16.397Z'System info: host: 'FARNAAZ-PC', ip: '192.168.0.11', os.name: 'Windows 7', os.arch: 'amd64', os.version: '6.1', java.version: '1.8.0_171'Driver info: driver.version: RemoteWebDriver]]>
            </message>
            <full-stacktrace>
              <![CDATA[org.openqa.selenium.NoSuchSessionException: Session ID is null. Using WebDriver after calling quit()?Build info: version: '3.10.0', revision: '176b4a9', time: '2018-03-02T19:03:16.397Z'System info: host: 'FARNAAZ-PC', ip: '192.168.0.11', os.name: 'Windows 7', os.arch: 'amd64', os.version: '6.1', java.version: '1.8.0_171'Driver info: driver.version: RemoteWebDriverat org.openqa.selenium.remote.HttpCommandExecutor.execute(HttpCommandExecutor.java:127)at org.openqa.selenium.remote.service.DriverCommandExecutor.execute(DriverCommandExecutor.java:83)at org.openqa.selenium.remote.RemoteWebDriver.execute(RemoteWebDriver.java:601)at org.openqa.selenium.remote.RemoteWebDriver.execute(RemoteWebDriver.java:658)at org.openqa.selenium.remote.RemoteWebDriver.getScreenshotAs(RemoteWebDriver.java:343)at com.BusyQa.Hipaat.TestBase.TestBaseClass.getScreenShot(TestBaseClass.java:94)at sun.reflect.NativeMethodAccessorImpl.invoke0(Native Method)at sun.reflect.NativeMethodAccessorImpl.invoke(NativeMethodAccessorImpl.java:62)at sun.reflect.DelegatingMethodAccessorImpl.invoke(DelegatingMethodAccessorImpl.java:43)at java.lang.reflect.Method.invoke(Method.java:498)at org.testng.internal.MethodInvocationHelper.invokeMethod(MethodInvocationHelper.java:124)at org.testng.internal.MethodInvocationHelper.invokeMethodConsideringTimeout(MethodInvocationHelper.java:59)at org.testng.internal.Invoker.invokeConfigurationMethod(Invoker.java:451)at org.testng.internal.Invoker.invokeConfigurations(Invoker.java:222)at org.testng.internal.Invoker.invokeMethod(Invoker.java:634)at org.testng.internal.Invoker.invokeTestMethod(Invoker.java:707)at org.testng.internal.Invoker.invokeTestMethods(Invoker.java:979)at org.testng.internal.TestMethodWorker.invokeTestMethods(TestMethodWorker.java:125)at org.testng.internal.TestMethodWorker.run(TestMethodWorker.java:109)at org.testng.TestRunner.privateRun(TestRunner.java:648)at org.testng.TestRunner.run(TestRunner.java:505)at org.testng.SuiteRunner.runTest(SuiteRunner.java:455)at org.testng.SuiteRunner.runSequentially(SuiteRunner.java:450)at org.testng.SuiteRunner.privateRun(SuiteRunner.java:415)at org.testng.SuiteRunner.run(SuiteRunner.java:364)at org.testng.SuiteRunnerWorker.runSuite(SuiteRunnerWorker.java:52)at org.testng.SuiteRunnerWorker.run(SuiteRunnerWorker.java:84)at org.testng.TestNG.runSuitesSequentially(TestNG.java:1187)at org.testng.TestNG.runSuitesLocally(TestNG.java:1116)at org.testng.TestNG.runSuites(TestNG.java:1028)at org.testng.TestNG.run(TestNG.java:996)at org.testng.remote.AbstractRemoteTestNG.run(AbstractRemoteTestNG.java:114)at org.testng.remote.RemoteTestNG.initAndRun(RemoteTestNG.java:251)at org.testng.remote.RemoteTestNG.main(RemoteTestNG.java:77)]]>
            </full-stacktrace>
          </exception> <!-- org.openqa.selenium.NoSuchSessionException -->
          <reporter-output>
          </reporter-output>
        </test-method> <!-- TC_032_categorycode -->
        <test-method status="SKIP" signature="tearDown()[pri:0, instance:com.BusyQa.Hipaat.TestCases.BeHO_TC_032@ea1a8d5]" name="tearDown" is-config="true" duration-ms="0" started-at="2018-05-21T13:12:11Z" finished-at="2018-05-21T13:12:11Z">
          <reporter-output>
          </reporter-output>
        </test-method> <!-- tearDown -->
        <test-method status="SKIP" signature="setUp()[pri:0, instance:com.BusyQa.Hipaat.TestCases.BeHO_TC_032@ea1a8d5]" name="setUp" is-config="true" duration-ms="0" started-at="2018-05-21T13:12:11Z" finished-at="2018-05-21T13:12:11Z">
          <reporter-output>
          </reporter-output>
        </test-method> <!-- setUp -->
        <test-method status="SKIP" signature="getScreenShot(org.testng.ITestResult)[pri:0, instance:com.BusyQa.Hipaat.TestCases.BeHO_TC_032@ea1a8d5]" name="getScreenShot" is-config="true" duration-ms="0" started-at="2018-05-21T13:12:11Z" finished-at="2018-05-21T13:12:11Z">
          <reporter-output>
          </reporter-output>
        </test-method> <!-- getScreenShot -->
      </class> <!-- com.BusyQa.Hipaat.TestCases.BeHO_TC_032 -->
      <class name="com.BusyQa.Hipaat.TestCases.BeHO_TC_020">
        <test-method status="SKIP" signature="setUp()[pri:0, instance:com.BusyQa.Hipaat.TestCases.BeHO_TC_020@57e1b0c]" name="setUp" is-config="true" duration-ms="0" started-at="2018-05-21T13:12:11Z" finished-at="2018-05-21T13:12:11Z">
          <reporter-output>
          </reporter-output>
        </test-method> <!-- setUp -->
        <test-method status="SKIP" signature="tearDown()[pri:0, instance:com.BusyQa.Hipaat.TestCases.BeHO_TC_020@57e1b0c]" name="tearDown" is-config="true" duration-ms="0" started-at="2018-05-21T13:12:11Z" finished-at="2018-05-21T13:12:11Z">
          <reporter-output>
          </reporter-output>
        </test-method> <!-- tearDown -->
        <test-method status="SKIP" signature="getScreenShot(org.testng.ITestResult)[pri:0, instance:com.BusyQa.Hipaat.TestCases.BeHO_TC_020@57e1b0c]" name="getScreenShot" is-config="true" duration-ms="0" started-at="2018-05-21T13:12:11Z" finished-at="2018-05-21T13:12:11Z">
          <reporter-output>
          </reporter-output>
        </test-method> <!-- getScreenShot -->
        <test-method status="SKIP" signature="TC_020_verifyHelp_Security()[pri:0, instance:com.BusyQa.Hipaat.TestCases.BeHO_TC_020@57e1b0c]" name="TC_020_verifyHelp_Security" duration-ms="0" started-at="2018-05-21T13:12:11Z" finished-at="2018-05-21T13:12:11Z">
          <exception class="org.openqa.selenium.NoSuchSessionException">
            <message>
              <![CDATA[Session ID is null. Using WebDriver after calling quit()?Build info: version: '3.10.0', revision: '176b4a9', time: '2018-03-02T19:03:16.397Z'System info: host: 'FARNAAZ-PC', ip: '192.168.0.11', os.name: 'Windows 7', os.arch: 'amd64', os.version: '6.1', java.version: '1.8.0_171'Driver info: driver.version: RemoteWebDriver]]>
            </message>
            <full-stacktrace>
              <![CDATA[org.openqa.selenium.NoSuchSessionException: Session ID is null. Using WebDriver after calling quit()?Build info: version: '3.10.0', revision: '176b4a9', time: '2018-03-02T19:03:16.397Z'System info: host: 'FARNAAZ-PC', ip: '192.168.0.11', os.name: 'Windows 7', os.arch: 'amd64', os.version: '6.1', java.version: '1.8.0_171'Driver info: driver.version: RemoteWebDriverat org.openqa.selenium.remote.HttpCommandExecutor.execute(HttpCommandExecutor.java:127)at org.openqa.selenium.remote.service.DriverCommandExecutor.execute(DriverCommandExecutor.java:83)at org.openqa.selenium.remote.RemoteWebDriver.execute(RemoteWebDriver.java:601)at org.openqa.selenium.remote.RemoteWebDriver.execute(RemoteWebDriver.java:658)at org.openqa.selenium.remote.RemoteWebDriver.getScreenshotAs(RemoteWebDriver.java:343)at com.BusyQa.Hipaat.TestBase.TestBaseClass.getScreenShot(TestBaseClass.java:94)at sun.reflect.NativeMethodAccessorImpl.invoke0(Native Method)at sun.reflect.NativeMethodAccessorImpl.invoke(NativeMethodAccessorImpl.java:62)at sun.reflect.DelegatingMethodAccessorImpl.invoke(DelegatingMethodAccessorImpl.java:43)at java.lang.reflect.Method.invoke(Method.java:498)at org.testng.internal.MethodInvocationHelper.invokeMethod(MethodInvocationHelper.java:124)at org.testng.internal.MethodInvocationHelper.invokeMethodConsideringTimeout(MethodInvocationHelper.java:59)at org.testng.internal.Invoker.invokeConfigurationMethod(Invoker.java:451)at org.testng.internal.Invoker.invokeConfigurations(Invoker.java:222)at org.testng.internal.Invoker.invokeMethod(Invoker.java:634)at org.testng.internal.Invoker.invokeTestMethod(Invoker.java:707)at org.testng.internal.Invoker.invokeTestMethods(Invoker.java:979)at org.testng.internal.TestMethodWorker.invokeTestMethods(TestMethodWorker.java:125)at org.testng.internal.TestMethodWorker.run(TestMethodWorker.java:109)at org.testng.TestRunner.privateRun(TestRunner.java:648)at org.testng.TestRunner.run(TestRunner.java:505)at org.testng.SuiteRunner.runTest(SuiteRunner.java:455)at org.testng.SuiteRunner.runSequentially(SuiteRunner.java:450)at org.testng.SuiteRunner.privateRun(SuiteRunner.java:415)at org.testng.SuiteRunner.run(SuiteRunner.java:364)at org.testng.SuiteRunnerWorker.runSuite(SuiteRunnerWorker.java:52)at org.testng.SuiteRunnerWorker.run(SuiteRunnerWorker.java:84)at org.testng.TestNG.runSuitesSequentially(TestNG.java:1187)at org.testng.TestNG.runSuitesLocally(TestNG.java:1116)at org.testng.TestNG.runSuites(TestNG.java:1028)at org.testng.TestNG.run(TestNG.java:996)at org.testng.remote.AbstractRemoteTestNG.run(AbstractRemoteTestNG.java:114)at org.testng.remote.RemoteTestNG.initAndRun(RemoteTestNG.java:251)at org.testng.remote.RemoteTestNG.main(RemoteTestNG.java:77)]]>
            </full-stacktrace>
          </exception> <!-- org.openqa.selenium.NoSuchSessionException -->
          <reporter-output>
          </reporter-output>
        </test-method> <!-- TC_020_verifyHelp_Security -->
      </class> <!-- com.BusyQa.Hipaat.TestCases.BeHO_TC_020 -->
      <class name="com.BusyQa.Hipaat.TestCases.BeHO_TC_031">
        <test-method status="SKIP" signature="setUp()[pri:0, instance:com.BusyQa.Hipaat.TestCases.BeHO_TC_031@528931cf]" name="setUp" is-config="true" duration-ms="0" started-at="2018-05-21T13:12:11Z" finished-at="2018-05-21T13:12:11Z">
          <reporter-output>
          </reporter-output>
        </test-method> <!-- setUp -->
        <test-method status="SKIP" signature="getScreenShot(org.testng.ITestResult)[pri:0, instance:com.BusyQa.Hipaat.TestCases.BeHO_TC_031@528931cf]" name="getScreenShot" is-config="true" duration-ms="0" started-at="2018-05-21T13:12:11Z" finished-at="2018-05-21T13:12:11Z">
          <reporter-output>
          </reporter-output>
        </test-method> <!-- getScreenShot -->
        <test-method status="SKIP" signature="tearDown()[pri:0, instance:com.BusyQa.Hipaat.TestCases.BeHO_TC_031@528931cf]" name="tearDown" is-config="true" duration-ms="0" started-at="2018-05-21T13:12:11Z" finished-at="2018-05-21T13:12:11Z">
          <reporter-output>
          </reporter-output>
        </test-method> <!-- tearDown -->
        <test-method status="SKIP" signature="TC_031_disclosuremethod()[pri:0, instance:com.BusyQa.Hipaat.TestCases.BeHO_TC_031@528931cf]" name="TC_031_disclosuremethod" duration-ms="0" started-at="2018-05-21T13:12:11Z" finished-at="2018-05-21T13:12:11Z">
          <exception class="org.openqa.selenium.NoSuchSessionException">
            <message>
              <![CDATA[Session ID is null. Using WebDriver after calling quit()?Build info: version: '3.10.0', revision: '176b4a9', time: '2018-03-02T19:03:16.397Z'System info: host: 'FARNAAZ-PC', ip: '192.168.0.11', os.name: 'Windows 7', os.arch: 'amd64', os.version: '6.1', java.version: '1.8.0_171'Driver info: driver.version: RemoteWebDriver]]>
            </message>
            <full-stacktrace>
              <![CDATA[org.openqa.selenium.NoSuchSessionException: Session ID is null. Using WebDriver after calling quit()?Build info: version: '3.10.0', revision: '176b4a9', time: '2018-03-02T19:03:16.397Z'System info: host: 'FARNAAZ-PC', ip: '192.168.0.11', os.name: 'Windows 7', os.arch: 'amd64', os.version: '6.1', java.version: '1.8.0_171'Driver info: driver.version: RemoteWebDriverat org.openqa.selenium.remote.HttpCommandExecutor.execute(HttpCommandExecutor.java:127)at org.openqa.selenium.remote.service.DriverCommandExecutor.execute(DriverCommandExecutor.java:83)at org.openqa.selenium.remote.RemoteWebDriver.execute(RemoteWebDriver.java:601)at org.openqa.selenium.remote.RemoteWebDriver.execute(RemoteWebDriver.java:658)at org.openqa.selenium.remote.RemoteWebDriver.getScreenshotAs(RemoteWebDriver.java:343)at com.BusyQa.Hipaat.TestBase.TestBaseClass.getScreenShot(TestBaseClass.java:94)at sun.reflect.NativeMethodAccessorImpl.invoke0(Native Method)at sun.reflect.NativeMethodAccessorImpl.invoke(NativeMethodAccessorImpl.java:62)at sun.reflect.DelegatingMethodAccessorImpl.invoke(DelegatingMethodAccessorImpl.java:43)at java.lang.reflect.Method.invoke(Method.java:498)at org.testng.internal.MethodInvocationHelper.invokeMethod(MethodInvocationHelper.java:124)at org.testng.internal.MethodInvocationHelper.invokeMethodConsideringTimeout(MethodInvocationHelper.java:59)at org.testng.internal.Invoker.invokeConfigurationMethod(Invoker.java:451)at org.testng.internal.Invoker.invokeConfigurations(Invoker.java:222)at org.testng.internal.Invoker.invokeMethod(Invoker.java:634)at org.testng.internal.Invoker.invokeTestMethod(Invoker.java:707)at org.testng.internal.Invoker.invokeTestMethods(Invoker.java:979)at org.testng.internal.TestMethodWorker.invokeTestMethods(TestMethodWorker.java:125)at org.testng.internal.TestMethodWorker.run(TestMethodWorker.java:109)at org.testng.TestRunner.privateRun(TestRunner.java:648)at org.testng.TestRunner.run(TestRunner.java:505)at org.testng.SuiteRunner.runTest(SuiteRunner.java:455)at org.testng.SuiteRunner.runSequentially(SuiteRunner.java:450)at org.testng.SuiteRunner.privateRun(SuiteRunner.java:415)at org.testng.SuiteRunner.run(SuiteRunner.java:364)at org.testng.SuiteRunnerWorker.runSuite(SuiteRunnerWorker.java:52)at org.testng.SuiteRunnerWorker.run(SuiteRunnerWorker.java:84)at org.testng.TestNG.runSuitesSequentially(TestNG.java:1187)at org.testng.TestNG.runSuitesLocally(TestNG.java:1116)at org.testng.TestNG.runSuites(TestNG.java:1028)at org.testng.TestNG.run(TestNG.java:996)at org.testng.remote.AbstractRemoteTestNG.run(AbstractRemoteTestNG.java:114)at org.testng.remote.RemoteTestNG.initAndRun(RemoteTestNG.java:251)at org.testng.remote.RemoteTestNG.main(RemoteTestNG.java:77)]]>
            </full-stacktrace>
          </exception> <!-- org.openqa.selenium.NoSuchSessionException -->
          <reporter-output>
          </reporter-output>
        </test-method> <!-- TC_031_disclosuremethod -->
      </class> <!-- com.BusyQa.Hipaat.TestCases.BeHO_TC_031 -->
      <class name="com.BusyQa.Hipaat.TestCases.BeHO_TC_030">
        <test-method status="SKIP" signature="setUp()[pri:0, instance:com.BusyQa.Hipaat.TestCases.BeHO_TC_030@5faeada1]" name="setUp" is-config="true" duration-ms="0" started-at="2018-05-21T13:12:11Z" finished-at="2018-05-21T13:12:11Z">
          <reporter-output>
          </reporter-output>
        </test-method> <!-- setUp -->
        <test-method status="SKIP" signature="TC_030_overridereason()[pri:0, instance:com.BusyQa.Hipaat.TestCases.BeHO_TC_030@5faeada1]" name="TC_030_overridereason" duration-ms="0" started-at="2018-05-21T13:12:11Z" finished-at="2018-05-21T13:12:11Z">
          <exception class="org.openqa.selenium.NoSuchSessionException">
            <message>
              <![CDATA[Session ID is null. Using WebDriver after calling quit()?Build info: version: '3.10.0', revision: '176b4a9', time: '2018-03-02T19:03:16.397Z'System info: host: 'FARNAAZ-PC', ip: '192.168.0.11', os.name: 'Windows 7', os.arch: 'amd64', os.version: '6.1', java.version: '1.8.0_171'Driver info: driver.version: RemoteWebDriver]]>
            </message>
            <full-stacktrace>
              <![CDATA[org.openqa.selenium.NoSuchSessionException: Session ID is null. Using WebDriver after calling quit()?Build info: version: '3.10.0', revision: '176b4a9', time: '2018-03-02T19:03:16.397Z'System info: host: 'FARNAAZ-PC', ip: '192.168.0.11', os.name: 'Windows 7', os.arch: 'amd64', os.version: '6.1', java.version: '1.8.0_171'Driver info: driver.version: RemoteWebDriverat org.openqa.selenium.remote.HttpCommandExecutor.execute(HttpCommandExecutor.java:127)at org.openqa.selenium.remote.service.DriverCommandExecutor.execute(DriverCommandExecutor.java:83)at org.openqa.selenium.remote.RemoteWebDriver.execute(RemoteWebDriver.java:601)at org.openqa.selenium.remote.RemoteWebDriver.execute(RemoteWebDriver.java:658)at org.openqa.selenium.remote.RemoteWebDriver.getScreenshotAs(RemoteWebDriver.java:343)at com.BusyQa.Hipaat.TestBase.TestBaseClass.getScreenShot(TestBaseClass.java:94)at sun.reflect.NativeMethodAccessorImpl.invoke0(Native Method)at sun.reflect.NativeMethodAccessorImpl.invoke(NativeMethodAccessorImpl.java:62)at sun.reflect.DelegatingMethodAccessorImpl.invoke(DelegatingMethodAccessorImpl.java:43)at java.lang.reflect.Method.invoke(Method.java:498)at org.testng.internal.MethodInvocationHelper.invokeMethod(MethodInvocationHelper.java:124)at org.testng.internal.MethodInvocationHelper.invokeMethodConsideringTimeout(MethodInvocationHelper.java:59)at org.testng.internal.Invoker.invokeConfigurationMethod(Invoker.java:451)at org.testng.internal.Invoker.invokeConfigurations(Invoker.java:222)at org.testng.internal.Invoker.invokeMethod(Invoker.java:634)at org.testng.internal.Invoker.invokeTestMethod(Invoker.java:707)at org.testng.internal.Invoker.invokeTestMethods(Invoker.java:979)at org.testng.internal.TestMethodWorker.invokeTestMethods(TestMethodWorker.java:125)at org.testng.internal.TestMethodWorker.run(TestMethodWorker.java:109)at org.testng.TestRunner.privateRun(TestRunner.java:648)at org.testng.TestRunner.run(TestRunner.java:505)at org.testng.SuiteRunner.runTest(SuiteRunner.java:455)at org.testng.SuiteRunner.runSequentially(SuiteRunner.java:450)at org.testng.SuiteRunner.privateRun(SuiteRunner.java:415)at org.testng.SuiteRunner.run(SuiteRunner.java:364)at org.testng.SuiteRunnerWorker.runSuite(SuiteRunnerWorker.java:52)at org.testng.SuiteRunnerWorker.run(SuiteRunnerWorker.java:84)at org.testng.TestNG.runSuitesSequentially(TestNG.java:1187)at org.testng.TestNG.runSuitesLocally(TestNG.java:1116)at org.testng.TestNG.runSuites(TestNG.java:1028)at org.testng.TestNG.run(TestNG.java:996)at org.testng.remote.AbstractRemoteTestNG.run(AbstractRemoteTestNG.java:114)at org.testng.remote.RemoteTestNG.initAndRun(RemoteTestNG.java:251)at org.testng.remote.RemoteTestNG.main(RemoteTestNG.java:77)]]>
            </full-stacktrace>
          </exception> <!-- org.openqa.selenium.NoSuchSessionException -->
          <reporter-output>
          </reporter-output>
        </test-method> <!-- TC_030_overridereason -->
        <test-method status="SKIP" signature="tearDown()[pri:0, instance:com.BusyQa.Hipaat.TestCases.BeHO_TC_030@5faeada1]" name="tearDown" is-config="true" duration-ms="0" started-at="2018-05-21T13:12:11Z" finished-at="2018-05-21T13:12:11Z">
          <reporter-output>
          </reporter-output>
        </test-method> <!-- tearDown -->
        <test-method status="SKIP" signature="getScreenShot(org.testng.ITestResult)[pri:0, instance:com.BusyQa.Hipaat.TestCases.BeHO_TC_030@5faeada1]" name="getScreenShot" is-config="true" duration-ms="0" started-at="2018-05-21T13:12:11Z" finished-at="2018-05-21T13:12:11Z">
          <reporter-output>
          </reporter-output>
        </test-method> <!-- getScreenShot -->
      </class> <!-- com.BusyQa.Hipaat.TestCases.BeHO_TC_030 -->
      <class name="com.BusyQa.Hipaat.TestCases.BeHO_TC_026">
        <test-method status="SKIP" signature="setUp()[pri:0, instance:com.BusyQa.Hipaat.TestCases.BeHO_TC_026@458c1321]" name="setUp" is-config="true" duration-ms="0" started-at="2018-05-21T13:12:11Z" finished-at="2018-05-21T13:12:11Z">
          <reporter-output>
          </reporter-output>
        </test-method> <!-- setUp -->
        <test-method status="SKIP" signature="TC_026_systemConsentDir()[pri:0, instance:com.BusyQa.Hipaat.TestCases.BeHO_TC_026@458c1321]" name="TC_026_systemConsentDir" duration-ms="0" started-at="2018-05-21T13:12:11Z" finished-at="2018-05-21T13:12:11Z">
          <exception class="org.openqa.selenium.NoSuchSessionException">
            <message>
              <![CDATA[Session ID is null. Using WebDriver after calling quit()?Build info: version: '3.10.0', revision: '176b4a9', time: '2018-03-02T19:03:16.397Z'System info: host: 'FARNAAZ-PC', ip: '192.168.0.11', os.name: 'Windows 7', os.arch: 'amd64', os.version: '6.1', java.version: '1.8.0_171'Driver info: driver.version: RemoteWebDriver]]>
            </message>
            <full-stacktrace>
              <![CDATA[org.openqa.selenium.NoSuchSessionException: Session ID is null. Using WebDriver after calling quit()?Build info: version: '3.10.0', revision: '176b4a9', time: '2018-03-02T19:03:16.397Z'System info: host: 'FARNAAZ-PC', ip: '192.168.0.11', os.name: 'Windows 7', os.arch: 'amd64', os.version: '6.1', java.version: '1.8.0_171'Driver info: driver.version: RemoteWebDriverat org.openqa.selenium.remote.HttpCommandExecutor.execute(HttpCommandExecutor.java:127)at org.openqa.selenium.remote.service.DriverCommandExecutor.execute(DriverCommandExecutor.java:83)at org.openqa.selenium.remote.RemoteWebDriver.execute(RemoteWebDriver.java:601)at org.openqa.selenium.remote.RemoteWebDriver.execute(RemoteWebDriver.java:658)at org.openqa.selenium.remote.RemoteWebDriver.getScreenshotAs(RemoteWebDriver.java:343)at com.BusyQa.Hipaat.TestBase.TestBaseClass.getScreenShot(TestBaseClass.java:94)at sun.reflect.NativeMethodAccessorImpl.invoke0(Native Method)at sun.reflect.NativeMethodAccessorImpl.invoke(NativeMethodAccessorImpl.java:62)at sun.reflect.DelegatingMethodAccessorImpl.invoke(DelegatingMethodAccessorImpl.java:43)at java.lang.reflect.Method.invoke(Method.java:498)at org.testng.internal.MethodInvocationHelper.invokeMethod(MethodInvocationHelper.java:124)at org.testng.internal.MethodInvocationHelper.invokeMethodConsideringTimeout(MethodInvocationHelper.java:59)at org.testng.internal.Invoker.invokeConfigurationMethod(Invoker.java:451)at org.testng.internal.Invoker.invokeConfigurations(Invoker.java:222)at org.testng.internal.Invoker.invokeMethod(Invoker.java:634)at org.testng.internal.Invoker.invokeTestMethod(Invoker.java:707)at org.testng.internal.Invoker.invokeTestMethods(Invoker.java:979)at org.testng.internal.TestMethodWorker.invokeTestMethods(TestMethodWorker.java:125)at org.testng.internal.TestMethodWorker.run(TestMethodWorker.java:109)at org.testng.TestRunner.privateRun(TestRunner.java:648)at org.testng.TestRunner.run(TestRunner.java:505)at org.testng.SuiteRunner.runTest(SuiteRunner.java:455)at org.testng.SuiteRunner.runSequentially(SuiteRunner.java:450)at org.testng.SuiteRunner.privateRun(SuiteRunner.java:415)at org.testng.SuiteRunner.run(SuiteRunner.java:364)at org.testng.SuiteRunnerWorker.runSuite(SuiteRunnerWorker.java:52)at org.testng.SuiteRunnerWorker.run(SuiteRunnerWorker.java:84)at org.testng.TestNG.runSuitesSequentially(TestNG.java:1187)at org.testng.TestNG.runSuitesLocally(TestNG.java:1116)at org.testng.TestNG.runSuites(TestNG.java:1028)at org.testng.TestNG.run(TestNG.java:996)at org.testng.remote.AbstractRemoteTestNG.run(AbstractRemoteTestNG.java:114)at org.testng.remote.RemoteTestNG.initAndRun(RemoteTestNG.java:251)at org.testng.remote.RemoteTestNG.main(RemoteTestNG.java:77)]]>
            </full-stacktrace>
          </exception> <!-- org.openqa.selenium.NoSuchSessionException -->
          <reporter-output>
          </reporter-output>
        </test-method> <!-- TC_026_systemConsentDir -->
        <test-method status="SKIP" signature="getScreenShot(org.testng.ITestResult)[pri:0, instance:com.BusyQa.Hipaat.TestCases.BeHO_TC_026@458c1321]" name="getScreenShot" is-config="true" duration-ms="0" started-at="2018-05-21T13:12:11Z" finished-at="2018-05-21T13:12:11Z">
          <reporter-output>
          </reporter-output>
        </test-method> <!-- getScreenShot -->
        <test-method status="SKIP" signature="tearDown()[pri:0, instance:com.BusyQa.Hipaat.TestCases.BeHO_TC_026@458c1321]" name="tearDown" is-config="true" duration-ms="0" started-at="2018-05-21T13:12:11Z" finished-at="2018-05-21T13:12:11Z">
          <reporter-output>
          </reporter-output>
        </test-method> <!-- tearDown -->
      </class> <!-- com.BusyQa.Hipaat.TestCases.BeHO_TC_026 -->
      <class name="com.BusyQa.Hipaat.TestCases.BeHO_TC_025">
        <test-method status="SKIP" signature="getScreenShot(org.testng.ITestResult)[pri:0, instance:com.BusyQa.Hipaat.TestCases.BeHO_TC_025@305fd85d]" name="getScreenShot" is-config="true" duration-ms="0" started-at="2018-05-21T13:12:11Z" finished-at="2018-05-21T13:12:11Z">
          <reporter-output>
          </reporter-output>
        </test-method> <!-- getScreenShot -->
        <test-method status="SKIP" signature="setUp()[pri:0, instance:com.BusyQa.Hipaat.TestCases.BeHO_TC_025@305fd85d]" name="setUp" is-config="true" duration-ms="0" started-at="2018-05-21T13:12:11Z" finished-at="2018-05-21T13:12:11Z">
          <reporter-output>
          </reporter-output>
        </test-method> <!-- setUp -->
        <test-method status="SKIP" signature="tearDown()[pri:0, instance:com.BusyQa.Hipaat.TestCases.BeHO_TC_025@305fd85d]" name="tearDown" is-config="true" duration-ms="0" started-at="2018-05-21T13:12:11Z" finished-at="2018-05-21T13:12:11Z">
          <reporter-output>
          </reporter-output>
        </test-method> <!-- tearDown -->
        <test-method status="SKIP" signature="TC_025_systemConsentDir()[pri:0, instance:com.BusyQa.Hipaat.TestCases.BeHO_TC_025@305fd85d]" name="TC_025_systemConsentDir" duration-ms="0" started-at="2018-05-21T13:12:11Z" finished-at="2018-05-21T13:12:11Z">
          <exception class="org.openqa.selenium.NoSuchSessionException">
            <message>
              <![CDATA[Session ID is null. Using WebDriver after calling quit()?Build info: version: '3.10.0', revision: '176b4a9', time: '2018-03-02T19:03:16.397Z'System info: host: 'FARNAAZ-PC', ip: '192.168.0.11', os.name: 'Windows 7', os.arch: 'amd64', os.version: '6.1', java.version: '1.8.0_171'Driver info: driver.version: RemoteWebDriver]]>
            </message>
            <full-stacktrace>
              <![CDATA[org.openqa.selenium.NoSuchSessionException: Session ID is null. Using WebDriver after calling quit()?Build info: version: '3.10.0', revision: '176b4a9', time: '2018-03-02T19:03:16.397Z'System info: host: 'FARNAAZ-PC', ip: '192.168.0.11', os.name: 'Windows 7', os.arch: 'amd64', os.version: '6.1', java.version: '1.8.0_171'Driver info: driver.version: RemoteWebDriverat org.openqa.selenium.remote.HttpCommandExecutor.execute(HttpCommandExecutor.java:127)at org.openqa.selenium.remote.service.DriverCommandExecutor.execute(DriverCommandExecutor.java:83)at org.openqa.selenium.remote.RemoteWebDriver.execute(RemoteWebDriver.java:601)at org.openqa.selenium.remote.RemoteWebDriver.execute(RemoteWebDriver.java:658)at org.openqa.selenium.remote.RemoteWebDriver.getScreenshotAs(RemoteWebDriver.java:343)at com.BusyQa.Hipaat.TestBase.TestBaseClass.getScreenShot(TestBaseClass.java:94)at sun.reflect.NativeMethodAccessorImpl.invoke0(Native Method)at sun.reflect.NativeMethodAccessorImpl.invoke(NativeMethodAccessorImpl.java:62)at sun.reflect.DelegatingMethodAccessorImpl.invoke(DelegatingMethodAccessorImpl.java:43)at java.lang.reflect.Method.invoke(Method.java:498)at org.testng.internal.MethodInvocationHelper.invokeMethod(MethodInvocationHelper.java:124)at org.testng.internal.MethodInvocationHelper.invokeMethodConsideringTimeout(MethodInvocationHelper.java:59)at org.testng.internal.Invoker.invokeConfigurationMethod(Invoker.java:451)at org.testng.internal.Invoker.invokeConfigurations(Invoker.java:222)at org.testng.internal.Invoker.invokeMethod(Invoker.java:634)at org.testng.internal.Invoker.invokeTestMethod(Invoker.java:707)at org.testng.internal.Invoker.invokeTestMethods(Invoker.java:979)at org.testng.internal.TestMethodWorker.invokeTestMethods(TestMethodWorker.java:125)at org.testng.internal.TestMethodWorker.run(TestMethodWorker.java:109)at org.testng.TestRunner.privateRun(TestRunner.java:648)at org.testng.TestRunner.run(TestRunner.java:505)at org.testng.SuiteRunner.runTest(SuiteRunner.java:455)at org.testng.SuiteRunner.runSequentially(SuiteRunner.java:450)at org.testng.SuiteRunner.privateRun(SuiteRunner.java:415)at org.testng.SuiteRunner.run(SuiteRunner.java:364)at org.testng.SuiteRunnerWorker.runSuite(SuiteRunnerWorker.java:52)at org.testng.SuiteRunnerWorker.run(SuiteRunnerWorker.java:84)at org.testng.TestNG.runSuitesSequentially(TestNG.java:1187)at org.testng.TestNG.runSuitesLocally(TestNG.java:1116)at org.testng.TestNG.runSuites(TestNG.java:1028)at org.testng.TestNG.run(TestNG.java:996)at org.testng.remote.AbstractRemoteTestNG.run(AbstractRemoteTestNG.java:114)at org.testng.remote.RemoteTestNG.initAndRun(RemoteTestNG.java:251)at org.testng.remote.RemoteTestNG.main(RemoteTestNG.java:77)]]>
            </full-stacktrace>
          </exception> <!-- org.openqa.selenium.NoSuchSessionException -->
          <reporter-output>
          </reporter-output>
        </test-method> <!-- TC_025_systemConsentDir -->
      </class> <!-- com.BusyQa.Hipaat.TestCases.BeHO_TC_025 -->
      <class name="com.BusyQa.Hipaat.TestCases.BeHO_TC_036">
        <test-method status="SKIP" signature="setUp()[pri:0, instance:com.BusyQa.Hipaat.TestCases.BeHO_TC_036@33c7e1bb]" name="setUp" is-config="true" duration-ms="0" started-at="2018-05-21T13:12:11Z" finished-at="2018-05-21T13:12:11Z">
          <reporter-output>
          </reporter-output>
        </test-method> <!-- setUp -->
        <test-method status="SKIP" signature="getScreenShot(org.testng.ITestResult)[pri:0, instance:com.BusyQa.Hipaat.TestCases.BeHO_TC_036@33c7e1bb]" name="getScreenShot" is-config="true" duration-ms="0" started-at="2018-05-21T13:12:11Z" finished-at="2018-05-21T13:12:11Z">
          <reporter-output>
          </reporter-output>
        </test-method> <!-- getScreenShot -->
        <test-method status="SKIP" signature="TC_036_metadata()[pri:0, instance:com.BusyQa.Hipaat.TestCases.BeHO_TC_036@33c7e1bb]" name="TC_036_metadata" duration-ms="0" started-at="2018-05-21T13:12:11Z" finished-at="2018-05-21T13:12:11Z">
          <exception class="org.openqa.selenium.NoSuchSessionException">
            <message>
              <![CDATA[Session ID is null. Using WebDriver after calling quit()?Build info: version: '3.10.0', revision: '176b4a9', time: '2018-03-02T19:03:16.397Z'System info: host: 'FARNAAZ-PC', ip: '192.168.0.11', os.name: 'Windows 7', os.arch: 'amd64', os.version: '6.1', java.version: '1.8.0_171'Driver info: driver.version: RemoteWebDriver]]>
            </message>
            <full-stacktrace>
              <![CDATA[org.openqa.selenium.NoSuchSessionException: Session ID is null. Using WebDriver after calling quit()?Build info: version: '3.10.0', revision: '176b4a9', time: '2018-03-02T19:03:16.397Z'System info: host: 'FARNAAZ-PC', ip: '192.168.0.11', os.name: 'Windows 7', os.arch: 'amd64', os.version: '6.1', java.version: '1.8.0_171'Driver info: driver.version: RemoteWebDriverat org.openqa.selenium.remote.HttpCommandExecutor.execute(HttpCommandExecutor.java:127)at org.openqa.selenium.remote.service.DriverCommandExecutor.execute(DriverCommandExecutor.java:83)at org.openqa.selenium.remote.RemoteWebDriver.execute(RemoteWebDriver.java:601)at org.openqa.selenium.remote.RemoteWebDriver.execute(RemoteWebDriver.java:658)at org.openqa.selenium.remote.RemoteWebDriver.getScreenshotAs(RemoteWebDriver.java:343)at com.BusyQa.Hipaat.TestBase.TestBaseClass.getScreenShot(TestBaseClass.java:94)at sun.reflect.NativeMethodAccessorImpl.invoke0(Native Method)at sun.reflect.NativeMethodAccessorImpl.invoke(NativeMethodAccessorImpl.java:62)at sun.reflect.DelegatingMethodAccessorImpl.invoke(DelegatingMethodAccessorImpl.java:43)at java.lang.reflect.Method.invoke(Method.java:498)at org.testng.internal.MethodInvocationHelper.invokeMethod(MethodInvocationHelper.java:124)at org.testng.internal.MethodInvocationHelper.invokeMethodConsideringTimeout(MethodInvocationHelper.java:59)at org.testng.internal.Invoker.invokeConfigurationMethod(Invoker.java:451)at org.testng.internal.Invoker.invokeConfigurations(Invoker.java:222)at org.testng.internal.Invoker.invokeMethod(Invoker.java:634)at org.testng.internal.Invoker.invokeTestMethod(Invoker.java:707)at org.testng.internal.Invoker.invokeTestMethods(Invoker.java:979)at org.testng.internal.TestMethodWorker.invokeTestMethods(TestMethodWorker.java:125)at org.testng.internal.TestMethodWorker.run(TestMethodWorker.java:109)at org.testng.TestRunner.privateRun(TestRunner.java:648)at org.testng.TestRunner.run(TestRunner.java:505)at org.testng.SuiteRunner.runTest(SuiteRunner.java:455)at org.testng.SuiteRunner.runSequentially(SuiteRunner.java:450)at org.testng.SuiteRunner.privateRun(SuiteRunner.java:415)at org.testng.SuiteRunner.run(SuiteRunner.java:364)at org.testng.SuiteRunnerWorker.runSuite(SuiteRunnerWorker.java:52)at org.testng.SuiteRunnerWorker.run(SuiteRunnerWorker.java:84)at org.testng.TestNG.runSuitesSequentially(TestNG.java:1187)at org.testng.TestNG.runSuitesLocally(TestNG.java:1116)at org.testng.TestNG.runSuites(TestNG.java:1028)at org.testng.TestNG.run(TestNG.java:996)at org.testng.remote.AbstractRemoteTestNG.run(AbstractRemoteTestNG.java:114)at org.testng.remote.RemoteTestNG.initAndRun(RemoteTestNG.java:251)at org.testng.remote.RemoteTestNG.main(RemoteTestNG.java:77)]]>
            </full-stacktrace>
          </exception> <!-- org.openqa.selenium.NoSuchSessionException -->
          <reporter-output>
          </reporter-output>
        </test-method> <!-- TC_036_metadata -->
        <test-method status="SKIP" signature="tearDown()[pri:0, instance:com.BusyQa.Hipaat.TestCases.BeHO_TC_036@33c7e1bb]" name="tearDown" is-config="true" duration-ms="0" started-at="2018-05-21T13:12:11Z" finished-at="2018-05-21T13:12:11Z">
          <reporter-output>
          </reporter-output>
        </test-method> <!-- tearDown -->
      </class> <!-- com.BusyQa.Hipaat.TestCases.BeHO_TC_036 -->
      <class name="com.BusyQa.Hipaat.TestCases.BeHO_TC_035">
        <test-method status="SKIP" signature="setUp()[pri:0, instance:com.BusyQa.Hipaat.TestCases.BeHO_TC_035@30a3107a]" name="setUp" is-config="true" duration-ms="0" started-at="2018-05-21T13:12:11Z" finished-at="2018-05-21T13:12:11Z">
          <reporter-output>
          </reporter-output>
        </test-method> <!-- setUp -->
        <test-method status="SKIP" signature="TC_035_authority()[pri:0, instance:com.BusyQa.Hipaat.TestCases.BeHO_TC_035@30a3107a]" name="TC_035_authority" duration-ms="0" started-at="2018-05-21T13:12:11Z" finished-at="2018-05-21T13:12:11Z">
          <exception class="org.openqa.selenium.NoSuchSessionException">
            <message>
              <![CDATA[Session ID is null. Using WebDriver after calling quit()?Build info: version: '3.10.0', revision: '176b4a9', time: '2018-03-02T19:03:16.397Z'System info: host: 'FARNAAZ-PC', ip: '192.168.0.11', os.name: 'Windows 7', os.arch: 'amd64', os.version: '6.1', java.version: '1.8.0_171'Driver info: driver.version: RemoteWebDriver]]>
            </message>
            <full-stacktrace>
              <![CDATA[org.openqa.selenium.NoSuchSessionException: Session ID is null. Using WebDriver after calling quit()?Build info: version: '3.10.0', revision: '176b4a9', time: '2018-03-02T19:03:16.397Z'System info: host: 'FARNAAZ-PC', ip: '192.168.0.11', os.name: 'Windows 7', os.arch: 'amd64', os.version: '6.1', java.version: '1.8.0_171'Driver info: driver.version: RemoteWebDriverat org.openqa.selenium.remote.HttpCommandExecutor.execute(HttpCommandExecutor.java:127)at org.openqa.selenium.remote.service.DriverCommandExecutor.execute(DriverCommandExecutor.java:83)at org.openqa.selenium.remote.RemoteWebDriver.execute(RemoteWebDriver.java:601)at org.openqa.selenium.remote.RemoteWebDriver.execute(RemoteWebDriver.java:658)at org.openqa.selenium.remote.RemoteWebDriver.getScreenshotAs(RemoteWebDriver.java:343)at com.BusyQa.Hipaat.TestBase.TestBaseClass.getScreenShot(TestBaseClass.java:94)at sun.reflect.NativeMethodAccessorImpl.invoke0(Native Method)at sun.reflect.NativeMethodAccessorImpl.invoke(NativeMethodAccessorImpl.java:62)at sun.reflect.DelegatingMethodAccessorImpl.invoke(DelegatingMethodAccessorImpl.java:43)at java.lang.reflect.Method.invoke(Method.java:498)at org.testng.internal.MethodInvocationHelper.invokeMethod(MethodInvocationHelper.java:124)at org.testng.internal.MethodInvocationHelper.invokeMethodConsideringTimeout(MethodInvocationHelper.java:59)at org.testng.internal.Invoker.invokeConfigurationMethod(Invoker.java:451)at org.testng.internal.Invoker.invokeConfigurations(Invoker.java:222)at org.testng.internal.Invoker.invokeMethod(Invoker.java:634)at org.testng.internal.Invoker.invokeTestMethod(Invoker.java:707)at org.testng.internal.Invoker.invokeTestMethods(Invoker.java:979)at org.testng.internal.TestMethodWorker.invokeTestMethods(TestMethodWorker.java:125)at org.testng.internal.TestMethodWorker.run(TestMethodWorker.java:109)at org.testng.TestRunner.privateRun(TestRunner.java:648)at org.testng.TestRunner.run(TestRunner.java:505)at org.testng.SuiteRunner.runTest(SuiteRunner.java:455)at org.testng.SuiteRunner.runSequentially(SuiteRunner.java:450)at org.testng.SuiteRunner.privateRun(SuiteRunner.java:415)at org.testng.SuiteRunner.run(SuiteRunner.java:364)at org.testng.SuiteRunnerWorker.runSuite(SuiteRunnerWorker.java:52)at org.testng.SuiteRunnerWorker.run(SuiteRunnerWorker.java:84)at org.testng.TestNG.runSuitesSequentially(TestNG.java:1187)at org.testng.TestNG.runSuitesLocally(TestNG.java:1116)at org.testng.TestNG.runSuites(TestNG.java:1028)at org.testng.TestNG.run(TestNG.java:996)at org.testng.remote.AbstractRemoteTestNG.run(AbstractRemoteTestNG.java:114)at org.testng.remote.RemoteTestNG.initAndRun(RemoteTestNG.java:251)at org.testng.remote.RemoteTestNG.main(RemoteTestNG.java:77)]]>
            </full-stacktrace>
          </exception> <!-- org.openqa.selenium.NoSuchSessionException -->
          <reporter-output>
          </reporter-output>
        </test-method> <!-- TC_035_authority -->
        <test-method status="SKIP" signature="getScreenShot(org.testng.ITestResult)[pri:0, instance:com.BusyQa.Hipaat.TestCases.BeHO_TC_035@30a3107a]" name="getScreenShot" is-config="true" duration-ms="0" started-at="2018-05-21T13:12:11Z" finished-at="2018-05-21T13:12:11Z">
          <reporter-output>
          </reporter-output>
        </test-method> <!-- getScreenShot -->
        <test-method status="SKIP" signature="tearDown()[pri:0, instance:com.BusyQa.Hipaat.TestCases.BeHO_TC_035@30a3107a]" name="tearDown" is-config="true" duration-ms="0" started-at="2018-05-21T13:12:11Z" finished-at="2018-05-21T13:12:11Z">
          <reporter-output>
          </reporter-output>
        </test-method> <!-- tearDown -->
      </class> <!-- com.BusyQa.Hipaat.TestCases.BeHO_TC_035 -->
      <class name="com.BusyQa.Hipaat.TestCases.BeHO_TC_034">
        <test-method status="SKIP" signature="TC_034_authoritytype()[pri:0, instance:com.BusyQa.Hipaat.TestCases.BeHO_TC_034@2bbf4b8b]" name="TC_034_authoritytype" duration-ms="0" started-at="2018-05-21T13:12:11Z" finished-at="2018-05-21T13:12:11Z">
          <exception class="org.openqa.selenium.NoSuchSessionException">
            <message>
              <![CDATA[Session ID is null. Using WebDriver after calling quit()?Build info: version: '3.10.0', revision: '176b4a9', time: '2018-03-02T19:03:16.397Z'System info: host: 'FARNAAZ-PC', ip: '192.168.0.11', os.name: 'Windows 7', os.arch: 'amd64', os.version: '6.1', java.version: '1.8.0_171'Driver info: driver.version: RemoteWebDriver]]>
            </message>
            <full-stacktrace>
              <![CDATA[org.openqa.selenium.NoSuchSessionException: Session ID is null. Using WebDriver after calling quit()?Build info: version: '3.10.0', revision: '176b4a9', time: '2018-03-02T19:03:16.397Z'System info: host: 'FARNAAZ-PC', ip: '192.168.0.11', os.name: 'Windows 7', os.arch: 'amd64', os.version: '6.1', java.version: '1.8.0_171'Driver info: driver.version: RemoteWebDriverat org.openqa.selenium.remote.HttpCommandExecutor.execute(HttpCommandExecutor.java:127)at org.openqa.selenium.remote.service.DriverCommandExecutor.execute(DriverCommandExecutor.java:83)at org.openqa.selenium.remote.RemoteWebDriver.execute(RemoteWebDriver.java:601)at org.openqa.selenium.remote.RemoteWebDriver.execute(RemoteWebDriver.java:658)at org.openqa.selenium.remote.RemoteWebDriver.getScreenshotAs(RemoteWebDriver.java:343)at com.BusyQa.Hipaat.TestBase.TestBaseClass.getScreenShot(TestBaseClass.java:94)at sun.reflect.NativeMethodAccessorImpl.invoke0(Native Method)at sun.reflect.NativeMethodAccessorImpl.invoke(NativeMethodAccessorImpl.java:62)at sun.reflect.DelegatingMethodAccessorImpl.invoke(DelegatingMethodAccessorImpl.java:43)at java.lang.reflect.Method.invoke(Method.java:498)at org.testng.internal.MethodInvocationHelper.invokeMethod(MethodInvocationHelper.java:124)at org.testng.internal.MethodInvocationHelper.invokeMethodConsideringTimeout(MethodInvocationHelper.java:59)at org.testng.internal.Invoker.invokeConfigurationMethod(Invoker.java:451)at org.testng.internal.Invoker.invokeConfigurations(Invoker.java:222)at org.testng.internal.Invoker.invokeMethod(Invoker.java:634)at org.testng.internal.Invoker.invokeTestMethod(Invoker.java:707)at org.testng.internal.Invoker.invokeTestMethods(Invoker.java:979)at org.testng.internal.TestMethodWorker.invokeTestMethods(TestMethodWorker.java:125)at org.testng.internal.TestMethodWorker.run(TestMethodWorker.java:109)at org.testng.TestRunner.privateRun(TestRunner.java:648)at org.testng.TestRunner.run(TestRunner.java:505)at org.testng.SuiteRunner.runTest(SuiteRunner.java:455)at org.testng.SuiteRunner.runSequentially(SuiteRunner.java:450)at org.testng.SuiteRunner.privateRun(SuiteRunner.java:415)at org.testng.SuiteRunner.run(SuiteRunner.java:364)at org.testng.SuiteRunnerWorker.runSuite(SuiteRunnerWorker.java:52)at org.testng.SuiteRunnerWorker.run(SuiteRunnerWorker.java:84)at org.testng.TestNG.runSuitesSequentially(TestNG.java:1187)at org.testng.TestNG.runSuitesLocally(TestNG.java:1116)at org.testng.TestNG.runSuites(TestNG.java:1028)at org.testng.TestNG.run(TestNG.java:996)at org.testng.remote.AbstractRemoteTestNG.run(AbstractRemoteTestNG.java:114)at org.testng.remote.RemoteTestNG.initAndRun(RemoteTestNG.java:251)at org.testng.remote.RemoteTestNG.main(RemoteTestNG.java:77)]]>
            </full-stacktrace>
          </exception> <!-- org.openqa.selenium.NoSuchSessionException -->
          <reporter-output>
          </reporter-output>
        </test-method> <!-- TC_034_authoritytype -->
        <test-method status="SKIP" signature="setUp()[pri:0, instance:com.BusyQa.Hipaat.TestCases.BeHO_TC_034@2bbf4b8b]" name="setUp" is-config="true" duration-ms="0" started-at="2018-05-21T13:12:11Z" finished-at="2018-05-21T13:12:11Z">
          <reporter-output>
          </reporter-output>
        </test-method> <!-- setUp -->
        <test-method status="SKIP" signature="tearDown()[pri:0, instance:com.BusyQa.Hipaat.TestCases.BeHO_TC_034@2bbf4b8b]" name="tearDown" is-config="true" duration-ms="0" started-at="2018-05-21T13:12:11Z" finished-at="2018-05-21T13:12:11Z">
          <reporter-output>
          </reporter-output>
        </test-method> <!-- tearDown -->
        <test-method status="SKIP" signature="getScreenShot(org.testng.ITestResult)[pri:0, instance:com.BusyQa.Hipaat.TestCases.BeHO_TC_034@2bbf4b8b]" name="getScreenShot" is-config="true" duration-ms="0" started-at="2018-05-21T13:12:11Z" finished-at="2018-05-21T13:12:11Z">
          <reporter-output>
          </reporter-output>
        </test-method> <!-- getScreenShot -->
      </class> <!-- com.BusyQa.Hipaat.TestCases.BeHO_TC_034 -->
      <class name="com.BusyQa.Hipaat.TestCases.BeHO_TC_001">
        <test-method status="PASS" signature="setUp()[pri:0, instance:com.BusyQa.Hipaat.TestCases.BeHO_TC_001@59e5ddf]" name="setUp" is-config="true" duration-ms="8599" started-at="2018-05-21T13:09:32Z" finished-at="2018-05-21T13:09:41Z">
          <reporter-output>
          </reporter-output>
        </test-method> <!-- setUp -->
        <test-method status="PASS" signature="TC_001_policycreation()[pri:0, instance:com.BusyQa.Hipaat.TestCases.BeHO_TC_001@59e5ddf]" name="TC_001_policycreation" duration-ms="14642" started-at="2018-05-21T13:09:41Z" finished-at="2018-05-21T13:09:55Z">
          <reporter-output>
          </reporter-output>
        </test-method> <!-- TC_001_policycreation -->
        <test-method status="PASS" signature="tearDown()[pri:0, instance:com.BusyQa.Hipaat.TestCases.BeHO_TC_001@59e5ddf]" name="tearDown" is-config="true" duration-ms="656" started-at="2018-05-21T13:09:55Z" finished-at="2018-05-21T13:09:56Z">
          <reporter-output>
          </reporter-output>
        </test-method> <!-- tearDown -->
        <test-method status="PASS" signature="getScreenShot(org.testng.ITestResult)[pri:0, instance:com.BusyQa.Hipaat.TestCases.BeHO_TC_001@59e5ddf]" name="getScreenShot" is-config="true" duration-ms="0" started-at="2018-05-21T13:09:56Z" finished-at="2018-05-21T13:09:56Z">
          <params>
            <param index="0">
              <value>
                <![CDATA[[TestResult name=TC_001_policycreation status=SUCCESS method=BeHO_TC_001.TC_001_policycreation()[pri:0, instance:com.BusyQa.Hipaat.TestCases.BeHO_TC_001@59e5ddf] output={null}]]]>
              </value>
            </param>
          </params>
          <reporter-output>
          </reporter-output>
        </test-method> <!-- getScreenShot -->
      </class> <!-- com.BusyQa.Hipaat.TestCases.BeHO_TC_001 -->
      <class name="com.BusyQa.Hipaat.TestCases.BeHO_TC_008">
        <test-method status="PASS" signature="setUp()[pri:0, instance:com.BusyQa.Hipaat.TestCases.BeHO_TC_008@1f57539]" name="setUp" is-config="true" duration-ms="8676" started-at="2018-05-21T13:10:46Z" finished-at="2018-05-21T13:10:55Z">
          <reporter-output>
          </reporter-output>
        </test-method> <!-- setUp -->
        <test-method status="PASS" signature="TC_008_verifySearch()[pri:0, instance:com.BusyQa.Hipaat.TestCases.BeHO_TC_008@1f57539]" name="TC_008_verifySearch" duration-ms="8936" started-at="2018-05-21T13:10:55Z" finished-at="2018-05-21T13:11:04Z">
          <reporter-output>
          </reporter-output>
        </test-method> <!-- TC_008_verifySearch -->
        <test-method status="PASS" signature="tearDown()[pri:0, instance:com.BusyQa.Hipaat.TestCases.BeHO_TC_008@1f57539]" name="tearDown" is-config="true" duration-ms="821" started-at="2018-05-21T13:11:04Z" finished-at="2018-05-21T13:11:04Z">
          <reporter-output>
          </reporter-output>
        </test-method> <!-- tearDown -->
        <test-method status="PASS" signature="getScreenShot(org.testng.ITestResult)[pri:0, instance:com.BusyQa.Hipaat.TestCases.BeHO_TC_008@1f57539]" name="getScreenShot" is-config="true" duration-ms="0" started-at="2018-05-21T13:11:04Z" finished-at="2018-05-21T13:11:04Z">
          <params>
            <param index="0">
              <value>
                <![CDATA[[TestResult name=TC_008_verifySearch status=SUCCESS method=BeHO_TC_008.TC_008_verifySearch()[pri:0, instance:com.BusyQa.Hipaat.TestCases.BeHO_TC_008@1f57539] output={null}]]]>
              </value>
            </param>
          </params>
          <reporter-output>
          </reporter-output>
        </test-method> <!-- getScreenShot -->
      </class> <!-- com.BusyQa.Hipaat.TestCases.BeHO_TC_008 -->
      <class name="com.BusyQa.Hipaat.TestCases.BeHO_TC_018">
        <test-method status="PASS" signature="setUp()[pri:0, instance:com.BusyQa.Hipaat.TestCases.BeHO_TC_018@2781e022]" name="setUp" is-config="true" duration-ms="7060" started-at="2018-05-21T13:12:02Z" finished-at="2018-05-21T13:12:09Z">
          <reporter-output>
          </reporter-output>
        </test-method> <!-- setUp -->
        <test-method status="FAIL" signature="TC_018_verifybase53Error()[pri:0, instance:com.BusyQa.Hipaat.TestCases.BeHO_TC_018@2781e022]" name="TC_018_verifybase53Error" duration-ms="893" started-at="2018-05-21T13:12:09Z" finished-at="2018-05-21T13:12:10Z">
          <exception class="java.lang.AssertionError">
            <message>
              <![CDATA[The following asserts failed:expected [false] but found [true]]]>
            </message>
            <full-stacktrace>
              <![CDATA[java.lang.AssertionError: The following asserts failed:expected [false] but found [true]at org.testng.asserts.SoftAssert.assertAll(SoftAssert.java:43)at com.BusyQa.Hipaat.TestCases.BeHO_TC_018.TC_018_verifybase53Error(BeHO_TC_018.java:76)at sun.reflect.NativeMethodAccessorImpl.invoke0(Native Method)at sun.reflect.NativeMethodAccessorImpl.invoke(NativeMethodAccessorImpl.java:62)at sun.reflect.DelegatingMethodAccessorImpl.invoke(DelegatingMethodAccessorImpl.java:43)at java.lang.reflect.Method.invoke(Method.java:498)at org.testng.internal.MethodInvocationHelper.invokeMethod(MethodInvocationHelper.java:124)at org.testng.internal.Invoker.invokeMethod(Invoker.java:571)at org.testng.internal.Invoker.invokeTestMethod(Invoker.java:707)at org.testng.internal.Invoker.invokeTestMethods(Invoker.java:979)at org.testng.internal.TestMethodWorker.invokeTestMethods(TestMethodWorker.java:125)at org.testng.internal.TestMethodWorker.run(TestMethodWorker.java:109)at org.testng.TestRunner.privateRun(TestRunner.java:648)at org.testng.TestRunner.run(TestRunner.java:505)at org.testng.SuiteRunner.runTest(SuiteRunner.java:455)at org.testng.SuiteRunner.runSequentially(SuiteRunner.java:450)at org.testng.SuiteRunner.privateRun(SuiteRunner.java:415)at org.testng.SuiteRunner.run(SuiteRunner.java:364)at org.testng.SuiteRunnerWorker.runSuite(SuiteRunnerWorker.java:52)at org.testng.SuiteRunnerWorker.run(SuiteRunnerWorker.java:84)at org.testng.TestNG.runSuitesSequentially(TestNG.java:1187)at org.testng.TestNG.runSuitesLocally(TestNG.java:1116)at org.testng.TestNG.runSuites(TestNG.java:1028)at org.testng.TestNG.run(TestNG.java:996)at org.testng.remote.AbstractRemoteTestNG.run(AbstractRemoteTestNG.java:114)at org.testng.remote.RemoteTestNG.initAndRun(RemoteTestNG.java:251)at org.testng.remote.RemoteTestNG.main(RemoteTestNG.java:77)]]>
            </full-stacktrace>
          </exception> <!-- java.lang.AssertionError -->
          <reporter-output>
          </reporter-output>
        </test-method> <!-- TC_018_verifybase53Error -->
        <test-method status="PASS" signature="tearDown()[pri:0, instance:com.BusyQa.Hipaat.TestCases.BeHO_TC_018@2781e022]" name="tearDown" is-config="true" duration-ms="588" started-at="2018-05-21T13:12:10Z" finished-at="2018-05-21T13:12:11Z">
          <reporter-output>
          </reporter-output>
        </test-method> <!-- tearDown -->
        <test-method status="FAIL" signature="getScreenShot(org.testng.ITestResult)[pri:0, instance:com.BusyQa.Hipaat.TestCases.BeHO_TC_018@2781e022]" name="getScreenShot" is-config="true" duration-ms="0" started-at="2018-05-21T13:12:11Z" finished-at="2018-05-21T13:12:11Z">
          <params>
            <param index="0">
              <value>
                <![CDATA[[TestResult name=TC_018_verifybase53Error status=FAILURE method=BeHO_TC_018.TC_018_verifybase53Error()[pri:0, instance:com.BusyQa.Hipaat.TestCases.BeHO_TC_018@2781e022] output={null}]]]>
              </value>
            </param>
          </params>
          <exception class="org.openqa.selenium.NoSuchSessionException">
            <message>
              <![CDATA[Session ID is null. Using WebDriver after calling quit()?Build info: version: '3.10.0', revision: '176b4a9', time: '2018-03-02T19:03:16.397Z'System info: host: 'FARNAAZ-PC', ip: '192.168.0.11', os.name: 'Windows 7', os.arch: 'amd64', os.version: '6.1', java.version: '1.8.0_171'Driver info: driver.version: RemoteWebDriver]]>
            </message>
            <full-stacktrace>
              <![CDATA[org.openqa.selenium.NoSuchSessionException: Session ID is null. Using WebDriver after calling quit()?Build info: version: '3.10.0', revision: '176b4a9', time: '2018-03-02T19:03:16.397Z'System info: host: 'FARNAAZ-PC', ip: '192.168.0.11', os.name: 'Windows 7', os.arch: 'amd64', os.version: '6.1', java.version: '1.8.0_171'Driver info: driver.version: RemoteWebDriverat org.openqa.selenium.remote.HttpCommandExecutor.execute(HttpCommandExecutor.java:127)at org.openqa.selenium.remote.service.DriverCommandExecutor.execute(DriverCommandExecutor.java:83)at org.openqa.selenium.remote.RemoteWebDriver.execute(RemoteWebDriver.java:601)at org.openqa.selenium.remote.RemoteWebDriver.execute(RemoteWebDriver.java:658)at org.openqa.selenium.remote.RemoteWebDriver.getScreenshotAs(RemoteWebDriver.java:343)at com.BusyQa.Hipaat.TestBase.TestBaseClass.getScreenShot(TestBaseClass.java:94)at sun.reflect.NativeMethodAccessorImpl.invoke0(Native Method)at sun.reflect.NativeMethodAccessorImpl.invoke(NativeMethodAccessorImpl.java:62)at sun.reflect.DelegatingMethodAccessorImpl.invoke(DelegatingMethodAccessorImpl.java:43)at java.lang.reflect.Method.invoke(Method.java:498)at org.testng.internal.MethodInvocationHelper.invokeMethod(MethodInvocationHelper.java:124)at org.testng.internal.MethodInvocationHelper.invokeMethodConsideringTimeout(MethodInvocationHelper.java:59)at org.testng.internal.Invoker.invokeConfigurationMethod(Invoker.java:451)at org.testng.internal.Invoker.invokeConfigurations(Invoker.java:222)at org.testng.internal.Invoker.invokeMethod(Invoker.java:634)at org.testng.internal.Invoker.invokeTestMethod(Invoker.java:707)at org.testng.internal.Invoker.invokeTestMethods(Invoker.java:979)at org.testng.internal.TestMethodWorker.invokeTestMethods(TestMethodWorker.java:125)at org.testng.internal.TestMethodWorker.run(TestMethodWorker.java:109)at org.testng.TestRunner.privateRun(TestRunner.java:648)at org.testng.TestRunner.run(TestRunner.java:505)at org.testng.SuiteRunner.runTest(SuiteRunner.java:455)at org.testng.SuiteRunner.runSequentially(SuiteRunner.java:450)at org.testng.SuiteRunner.privateRun(SuiteRunner.java:415)at org.testng.SuiteRunner.run(SuiteRunner.java:364)at org.testng.SuiteRunnerWorker.runSuite(SuiteRunnerWorker.java:52)at org.testng.SuiteRunnerWorker.run(SuiteRunnerWorker.java:84)at org.testng.TestNG.runSuitesSequentially(TestNG.java:1187)at org.testng.TestNG.runSuitesLocally(TestNG.java:1116)at org.testng.TestNG.runSuites(TestNG.java:1028)at org.testng.TestNG.run(TestNG.java:996)at org.testng.remote.AbstractRemoteTestNG.run(AbstractRemoteTestNG.java:114)at org.testng.remote.RemoteTestNG.initAndRun(RemoteTestNG.java:251)at org.testng.remote.RemoteTestNG.main(RemoteTestNG.java:77)]]>
            </full-stacktrace>
          </exception> <!-- org.openqa.selenium.NoSuchSessionException -->
          <reporter-output>
          </reporter-output>
        </test-method> <!-- getScreenShot -->
      </class> <!-- com.BusyQa.Hipaat.TestCases.BeHO_TC_018 -->
      <class name="com.BusyQa.Hipaat.TestCases.BeHO_TC_029">
        <test-method status="SKIP" signature="setUp()[pri:0, instance:com.BusyQa.Hipaat.TestCases.BeHO_TC_029@7a1ebcd8]" name="setUp" is-config="true" duration-ms="0" started-at="2018-05-21T13:12:11Z" finished-at="2018-05-21T13:12:11Z">
          <reporter-output>
          </reporter-output>
        </test-method> <!-- setUp -->
        <test-method status="SKIP" signature="TC_029_revokeall_activepolicies()[pri:0, instance:com.BusyQa.Hipaat.TestCases.BeHO_TC_029@7a1ebcd8]" name="TC_029_revokeall_activepolicies" duration-ms="0" started-at="2018-05-21T13:12:11Z" finished-at="2018-05-21T13:12:11Z">
          <exception class="org.openqa.selenium.NoSuchSessionException">
            <message>
              <![CDATA[Session ID is null. Using WebDriver after calling quit()?Build info: version: '3.10.0', revision: '176b4a9', time: '2018-03-02T19:03:16.397Z'System info: host: 'FARNAAZ-PC', ip: '192.168.0.11', os.name: 'Windows 7', os.arch: 'amd64', os.version: '6.1', java.version: '1.8.0_171'Driver info: driver.version: RemoteWebDriver]]>
            </message>
            <full-stacktrace>
              <![CDATA[org.openqa.selenium.NoSuchSessionException: Session ID is null. Using WebDriver after calling quit()?Build info: version: '3.10.0', revision: '176b4a9', time: '2018-03-02T19:03:16.397Z'System info: host: 'FARNAAZ-PC', ip: '192.168.0.11', os.name: 'Windows 7', os.arch: 'amd64', os.version: '6.1', java.version: '1.8.0_171'Driver info: driver.version: RemoteWebDriverat org.openqa.selenium.remote.HttpCommandExecutor.execute(HttpCommandExecutor.java:127)at org.openqa.selenium.remote.service.DriverCommandExecutor.execute(DriverCommandExecutor.java:83)at org.openqa.selenium.remote.RemoteWebDriver.execute(RemoteWebDriver.java:601)at org.openqa.selenium.remote.RemoteWebDriver.execute(RemoteWebDriver.java:658)at org.openqa.selenium.remote.RemoteWebDriver.getScreenshotAs(RemoteWebDriver.java:343)at com.BusyQa.Hipaat.TestBase.TestBaseClass.getScreenShot(TestBaseClass.java:94)at sun.reflect.NativeMethodAccessorImpl.invoke0(Native Method)at sun.reflect.NativeMethodAccessorImpl.invoke(NativeMethodAccessorImpl.java:62)at sun.reflect.DelegatingMethodAccessorImpl.invoke(DelegatingMethodAccessorImpl.java:43)at java.lang.reflect.Method.invoke(Method.java:498)at org.testng.internal.MethodInvocationHelper.invokeMethod(MethodInvocationHelper.java:124)at org.testng.internal.MethodInvocationHelper.invokeMethodConsideringTimeout(MethodInvocationHelper.java:59)at org.testng.internal.Invoker.invokeConfigurationMethod(Invoker.java:451)at org.testng.internal.Invoker.invokeConfigurations(Invoker.java:222)at org.testng.internal.Invoker.invokeMethod(Invoker.java:634)at org.testng.internal.Invoker.invokeTestMethod(Invoker.java:707)at org.testng.internal.Invoker.invokeTestMethods(Invoker.java:979)at org.testng.internal.TestMethodWorker.invokeTestMethods(TestMethodWorker.java:125)at org.testng.internal.TestMethodWorker.run(TestMethodWorker.java:109)at org.testng.TestRunner.privateRun(TestRunner.java:648)at org.testng.TestRunner.run(TestRunner.java:505)at org.testng.SuiteRunner.runTest(SuiteRunner.java:455)at org.testng.SuiteRunner.runSequentially(SuiteRunner.java:450)at org.testng.SuiteRunner.privateRun(SuiteRunner.java:415)at org.testng.SuiteRunner.run(SuiteRunner.java:364)at org.testng.SuiteRunnerWorker.runSuite(SuiteRunnerWorker.java:52)at org.testng.SuiteRunnerWorker.run(SuiteRunnerWorker.java:84)at org.testng.TestNG.runSuitesSequentially(TestNG.java:1187)at org.testng.TestNG.runSuitesLocally(TestNG.java:1116)at org.testng.TestNG.runSuites(TestNG.java:1028)at org.testng.TestNG.run(TestNG.java:996)at org.testng.remote.AbstractRemoteTestNG.run(AbstractRemoteTestNG.java:114)at org.testng.remote.RemoteTestNG.initAndRun(RemoteTestNG.java:251)at org.testng.remote.RemoteTestNG.main(RemoteTestNG.java:77)]]>
            </full-stacktrace>
          </exception> <!-- org.openqa.selenium.NoSuchSessionException -->
          <reporter-output>
          </reporter-output>
        </test-method> <!-- TC_029_revokeall_activepolicies -->
        <test-method status="SKIP" signature="tearDown()[pri:0, instance:com.BusyQa.Hipaat.TestCases.BeHO_TC_029@7a1ebcd8]" name="tearDown" is-config="true" duration-ms="0" started-at="2018-05-21T13:12:11Z" finished-at="2018-05-21T13:12:11Z">
          <reporter-output>
          </reporter-output>
        </test-method> <!-- tearDown -->
        <test-method status="SKIP" signature="getScreenShot(org.testng.ITestResult)[pri:0, instance:com.BusyQa.Hipaat.TestCases.BeHO_TC_029@7a1ebcd8]" name="getScreenShot" is-config="true" duration-ms="0" started-at="2018-05-21T13:12:11Z" finished-at="2018-05-21T13:12:11Z">
          <reporter-output>
          </reporter-output>
        </test-method> <!-- getScreenShot -->
      </class> <!-- com.BusyQa.Hipaat.TestCases.BeHO_TC_029 -->
      <class name="com.BusyQa.Hipaat.TestCases.BeHO_TC_007">
        <test-method status="PASS" signature="setUp()[pri:0, instance:com.BusyQa.Hipaat.TestCases.BeHO_TC_007@e320068]" name="setUp" is-config="true" duration-ms="7578" started-at="2018-05-21T13:10:12Z" finished-at="2018-05-21T13:10:19Z">
          <reporter-output>
          </reporter-output>
        </test-method> <!-- setUp -->
        <test-method status="PASS" signature="TC_007_conflictpolicy()[pri:0, instance:com.BusyQa.Hipaat.TestCases.BeHO_TC_007@e320068]" name="TC_007_conflictpolicy" duration-ms="26241" started-at="2018-05-21T13:10:19Z" finished-at="2018-05-21T13:10:45Z">
          <reporter-output>
          </reporter-output>
        </test-method> <!-- TC_007_conflictpolicy -->
        <test-method status="PASS" signature="tearDown()[pri:0, instance:com.BusyQa.Hipaat.TestCases.BeHO_TC_007@e320068]" name="tearDown" is-config="true" duration-ms="591" started-at="2018-05-21T13:10:45Z" finished-at="2018-05-21T13:10:46Z">
          <reporter-output>
          </reporter-output>
        </test-method> <!-- tearDown -->
        <test-method status="PASS" signature="getScreenShot(org.testng.ITestResult)[pri:0, instance:com.BusyQa.Hipaat.TestCases.BeHO_TC_007@e320068]" name="getScreenShot" is-config="true" duration-ms="0" started-at="2018-05-21T13:10:46Z" finished-at="2018-05-21T13:10:46Z">
          <params>
            <param index="0">
              <value>
                <![CDATA[[TestResult name=TC_007_conflictpolicy status=SUCCESS method=BeHO_TC_007.TC_007_conflictpolicy()[pri:0, instance:com.BusyQa.Hipaat.TestCases.BeHO_TC_007@e320068] output={null}]]]>
              </value>
            </param>
          </params>
          <reporter-output>
          </reporter-output>
        </test-method> <!-- getScreenShot -->
      </class> <!-- com.BusyQa.Hipaat.TestCases.BeHO_TC_007 -->
      <class name="com.BusyQa.Hipaat.TestCases.BeHO_TC_006">
        <test-method status="PASS" signature="setUp()[pri:0, instance:com.BusyQa.Hipaat.TestCases.BeHO_TC_006@536aaa8d]" name="setUp" is-config="true" duration-ms="6610" started-at="2018-05-21T13:09:56Z" finished-at="2018-05-21T13:10:03Z">
          <reporter-output>
          </reporter-output>
        </test-method> <!-- setUp -->
        <test-method status="PASS" signature="TC_006_purposeofuse()[pri:0, instance:com.BusyQa.Hipaat.TestCases.BeHO_TC_006@536aaa8d]" name="TC_006_purposeofuse" duration-ms="8289" started-at="2018-05-21T13:10:03Z" finished-at="2018-05-21T13:10:11Z">
          <reporter-output>
          </reporter-output>
        </test-method> <!-- TC_006_purposeofuse -->
        <test-method status="PASS" signature="tearDown()[pri:0, instance:com.BusyQa.Hipaat.TestCases.BeHO_TC_006@536aaa8d]" name="tearDown" is-config="true" duration-ms="619" started-at="2018-05-21T13:10:11Z" finished-at="2018-05-21T13:10:12Z">
          <reporter-output>
          </reporter-output>
        </test-method> <!-- tearDown -->
        <test-method status="PASS" signature="getScreenShot(org.testng.ITestResult)[pri:0, instance:com.BusyQa.Hipaat.TestCases.BeHO_TC_006@536aaa8d]" name="getScreenShot" is-config="true" duration-ms="0" started-at="2018-05-21T13:10:12Z" finished-at="2018-05-21T13:10:12Z">
          <params>
            <param index="0">
              <value>
                <![CDATA[[TestResult name=TC_006_purposeofuse status=SUCCESS method=BeHO_TC_006.TC_006_purposeofuse()[pri:0, instance:com.BusyQa.Hipaat.TestCases.BeHO_TC_006@536aaa8d] output={null}]]]>
              </value>
            </param>
          </params>
          <reporter-output>
          </reporter-output>
        </test-method> <!-- getScreenShot -->
      </class> <!-- com.BusyQa.Hipaat.TestCases.BeHO_TC_006 -->
      <class name="com.BusyQa.Hipaat.TestCases.BeHO_TC_028">
        <test-method status="SKIP" signature="setUp()[pri:0, instance:com.BusyQa.Hipaat.TestCases.BeHO_TC_028@34cd072c]" name="setUp" is-config="true" duration-ms="0" started-at="2018-05-21T13:12:11Z" finished-at="2018-05-21T13:12:11Z">
          <reporter-output>
          </reporter-output>
        </test-method> <!-- setUp -->
        <test-method status="SKIP" signature="TC_028_revokeall_systemConsentDir()[pri:0, instance:com.BusyQa.Hipaat.TestCases.BeHO_TC_028@34cd072c]" name="TC_028_revokeall_systemConsentDir" duration-ms="0" started-at="2018-05-21T13:12:11Z" finished-at="2018-05-21T13:12:11Z">
          <exception class="org.openqa.selenium.NoSuchSessionException">
            <message>
              <![CDATA[Session ID is null. Using WebDriver after calling quit()?Build info: version: '3.10.0', revision: '176b4a9', time: '2018-03-02T19:03:16.397Z'System info: host: 'FARNAAZ-PC', ip: '192.168.0.11', os.name: 'Windows 7', os.arch: 'amd64', os.version: '6.1', java.version: '1.8.0_171'Driver info: driver.version: RemoteWebDriver]]>
            </message>
            <full-stacktrace>
              <![CDATA[org.openqa.selenium.NoSuchSessionException: Session ID is null. Using WebDriver after calling quit()?Build info: version: '3.10.0', revision: '176b4a9', time: '2018-03-02T19:03:16.397Z'System info: host: 'FARNAAZ-PC', ip: '192.168.0.11', os.name: 'Windows 7', os.arch: 'amd64', os.version: '6.1', java.version: '1.8.0_171'Driver info: driver.version: RemoteWebDriverat org.openqa.selenium.remote.HttpCommandExecutor.execute(HttpCommandExecutor.java:127)at org.openqa.selenium.remote.service.DriverCommandExecutor.execute(DriverCommandExecutor.java:83)at org.openqa.selenium.remote.RemoteWebDriver.execute(RemoteWebDriver.java:601)at org.openqa.selenium.remote.RemoteWebDriver.execute(RemoteWebDriver.java:658)at org.openqa.selenium.remote.RemoteWebDriver.getScreenshotAs(RemoteWebDriver.java:343)at com.BusyQa.Hipaat.TestBase.TestBaseClass.getScreenShot(TestBaseClass.java:94)at sun.reflect.NativeMethodAccessorImpl.invoke0(Native Method)at sun.reflect.NativeMethodAccessorImpl.invoke(NativeMethodAccessorImpl.java:62)at sun.reflect.DelegatingMethodAccessorImpl.invoke(DelegatingMethodAccessorImpl.java:43)at java.lang.reflect.Method.invoke(Method.java:498)at org.testng.internal.MethodInvocationHelper.invokeMethod(MethodInvocationHelper.java:124)at org.testng.internal.MethodInvocationHelper.invokeMethodConsideringTimeout(MethodInvocationHelper.java:59)at org.testng.internal.Invoker.invokeConfigurationMethod(Invoker.java:451)at org.testng.internal.Invoker.invokeConfigurations(Invoker.java:222)at org.testng.internal.Invoker.invokeMethod(Invoker.java:634)at org.testng.internal.Invoker.invokeTestMethod(Invoker.java:707)at org.testng.internal.Invoker.invokeTestMethods(Invoker.java:979)at org.testng.internal.TestMethodWorker.invokeTestMethods(TestMethodWorker.java:125)at org.testng.internal.TestMethodWorker.run(TestMethodWorker.java:109)at org.testng.TestRunner.privateRun(TestRunner.java:648)at org.testng.TestRunner.run(TestRunner.java:505)at org.testng.SuiteRunner.runTest(SuiteRunner.java:455)at org.testng.SuiteRunner.runSequentially(SuiteRunner.java:450)at org.testng.SuiteRunner.privateRun(SuiteRunner.java:415)at org.testng.SuiteRunner.run(SuiteRunner.java:364)at org.testng.SuiteRunnerWorker.runSuite(SuiteRunnerWorker.java:52)at org.testng.SuiteRunnerWorker.run(SuiteRunnerWorker.java:84)at org.testng.TestNG.runSuitesSequentially(TestNG.java:1187)at org.testng.TestNG.runSuitesLocally(TestNG.java:1116)at org.testng.TestNG.runSuites(TestNG.java:1028)at org.testng.TestNG.run(TestNG.java:996)at org.testng.remote.AbstractRemoteTestNG.run(AbstractRemoteTestNG.java:114)at org.testng.remote.RemoteTestNG.initAndRun(RemoteTestNG.java:251)at org.testng.remote.RemoteTestNG.main(RemoteTestNG.java:77)]]>
            </full-stacktrace>
          </exception> <!-- org.openqa.selenium.NoSuchSessionException -->
          <reporter-output>
          </reporter-output>
        </test-method> <!-- TC_028_revokeall_systemConsentDir -->
        <test-method status="SKIP" signature="tearDown()[pri:0, instance:com.BusyQa.Hipaat.TestCases.BeHO_TC_028@34cd072c]" name="tearDown" is-config="true" duration-ms="0" started-at="2018-05-21T13:12:11Z" finished-at="2018-05-21T13:12:11Z">
          <reporter-output>
          </reporter-output>
        </test-method> <!-- tearDown -->
        <test-method status="SKIP" signature="getScreenShot(org.testng.ITestResult)[pri:0, instance:com.BusyQa.Hipaat.TestCases.BeHO_TC_028@34cd072c]" name="getScreenShot" is-config="true" duration-ms="0" started-at="2018-05-21T13:12:11Z" finished-at="2018-05-21T13:12:11Z">
          <reporter-output>
          </reporter-output>
        </test-method> <!-- getScreenShot -->
      </class> <!-- com.BusyQa.Hipaat.TestCases.BeHO_TC_028 -->
      <class name="com.BusyQa.Hipaat.TestCases.BeHO_TC_017">
        <test-method status="PASS" signature="setUp()[pri:0, instance:com.BusyQa.Hipaat.TestCases.BeHO_TC_017@4493d195]" name="setUp" is-config="true" duration-ms="7963" started-at="2018-05-21T13:11:48Z" finished-at="2018-05-21T13:11:56Z">
          <reporter-output>
          </reporter-output>
        </test-method> <!-- setUp -->
        <test-method status="PASS" signature="TC_017_auditReport()[pri:0, instance:com.BusyQa.Hipaat.TestCases.BeHO_TC_017@4493d195]" name="TC_017_auditReport" duration-ms="5541" started-at="2018-05-21T13:11:56Z" finished-at="2018-05-21T13:12:01Z">
          <reporter-output>
          </reporter-output>
        </test-method> <!-- TC_017_auditReport -->
        <test-method status="PASS" signature="tearDown()[pri:0, instance:com.BusyQa.Hipaat.TestCases.BeHO_TC_017@4493d195]" name="tearDown" is-config="true" duration-ms="606" started-at="2018-05-21T13:12:01Z" finished-at="2018-05-21T13:12:02Z">
          <reporter-output>
          </reporter-output>
        </test-method> <!-- tearDown -->
        <test-method status="PASS" signature="getScreenShot(org.testng.ITestResult)[pri:0, instance:com.BusyQa.Hipaat.TestCases.BeHO_TC_017@4493d195]" name="getScreenShot" is-config="true" duration-ms="0" started-at="2018-05-21T13:12:02Z" finished-at="2018-05-21T13:12:02Z">
          <params>
            <param index="0">
              <value>
                <![CDATA[[TestResult name=TC_017_auditReport status=SUCCESS method=BeHO_TC_017.TC_017_auditReport()[pri:0, instance:com.BusyQa.Hipaat.TestCases.BeHO_TC_017@4493d195] output={null}]]]>
              </value>
            </param>
          </params>
          <reporter-output>
          </reporter-output>
        </test-method> <!-- getScreenShot -->
      </class> <!-- com.BusyQa.Hipaat.TestCases.BeHO_TC_017 -->
      <class name="com.BusyQa.Hipaat.TestCases.BeHO_TC_016">
        <test-method status="PASS" signature="setUp()[pri:0, instance:com.BusyQa.Hipaat.TestCases.BeHO_TC_016@6ee52dcd]" name="setUp" is-config="true" duration-ms="7203" started-at="2018-05-21T13:11:35Z" finished-at="2018-05-21T13:11:42Z">
          <reporter-output>
          </reporter-output>
        </test-method> <!-- setUp -->
        <test-method status="PASS" signature="TC_016_ActivePoliciesReport()[pri:0, instance:com.BusyQa.Hipaat.TestCases.BeHO_TC_016@6ee52dcd]" name="TC_016_ActivePoliciesReport" duration-ms="5132" started-at="2018-05-21T13:11:42Z" finished-at="2018-05-21T13:11:47Z">
          <reporter-output>
          </reporter-output>
        </test-method> <!-- TC_016_ActivePoliciesReport -->
        <test-method status="PASS" signature="tearDown()[pri:0, instance:com.BusyQa.Hipaat.TestCases.BeHO_TC_016@6ee52dcd]" name="tearDown" is-config="true" duration-ms="608" started-at="2018-05-21T13:11:47Z" finished-at="2018-05-21T13:11:48Z">
          <reporter-output>
          </reporter-output>
        </test-method> <!-- tearDown -->
        <test-method status="PASS" signature="getScreenShot(org.testng.ITestResult)[pri:0, instance:com.BusyQa.Hipaat.TestCases.BeHO_TC_016@6ee52dcd]" name="getScreenShot" is-config="true" duration-ms="0" started-at="2018-05-21T13:11:48Z" finished-at="2018-05-21T13:11:48Z">
          <params>
            <param index="0">
              <value>
                <![CDATA[[TestResult name=TC_016_ActivePoliciesReport status=SUCCESS method=BeHO_TC_016.TC_016_ActivePoliciesReport()[pri:0, instance:com.BusyQa.Hipaat.TestCases.BeHO_TC_016@6ee52dcd] output={null}]]]>
              </value>
            </param>
          </params>
          <reporter-output>
          </reporter-output>
        </test-method> <!-- getScreenShot -->
      </class> <!-- com.BusyQa.Hipaat.TestCases.BeHO_TC_016 -->
      <class name="com.BusyQa.Hipaat.TestCases.BeHO_TC_027">
        <test-method status="SKIP" signature="setUp()[pri:0, instance:com.BusyQa.Hipaat.TestCases.BeHO_TC_027@11438d26]" name="setUp" is-config="true" duration-ms="0" started-at="2018-05-21T13:12:11Z" finished-at="2018-05-21T13:12:11Z">
          <reporter-output>
          </reporter-output>
        </test-method> <!-- setUp -->
        <test-method status="SKIP" signature="TC_027_performoverride()[pri:0, instance:com.BusyQa.Hipaat.TestCases.BeHO_TC_027@11438d26]" name="TC_027_performoverride" duration-ms="0" started-at="2018-05-21T13:12:11Z" finished-at="2018-05-21T13:12:11Z">
          <exception class="org.openqa.selenium.NoSuchSessionException">
            <message>
              <![CDATA[Session ID is null. Using WebDriver after calling quit()?Build info: version: '3.10.0', revision: '176b4a9', time: '2018-03-02T19:03:16.397Z'System info: host: 'FARNAAZ-PC', ip: '192.168.0.11', os.name: 'Windows 7', os.arch: 'amd64', os.version: '6.1', java.version: '1.8.0_171'Driver info: driver.version: RemoteWebDriver]]>
            </message>
            <full-stacktrace>
              <![CDATA[org.openqa.selenium.NoSuchSessionException: Session ID is null. Using WebDriver after calling quit()?Build info: version: '3.10.0', revision: '176b4a9', time: '2018-03-02T19:03:16.397Z'System info: host: 'FARNAAZ-PC', ip: '192.168.0.11', os.name: 'Windows 7', os.arch: 'amd64', os.version: '6.1', java.version: '1.8.0_171'Driver info: driver.version: RemoteWebDriverat org.openqa.selenium.remote.HttpCommandExecutor.execute(HttpCommandExecutor.java:127)at org.openqa.selenium.remote.service.DriverCommandExecutor.execute(DriverCommandExecutor.java:83)at org.openqa.selenium.remote.RemoteWebDriver.execute(RemoteWebDriver.java:601)at org.openqa.selenium.remote.RemoteWebDriver.execute(RemoteWebDriver.java:658)at org.openqa.selenium.remote.RemoteWebDriver.getScreenshotAs(RemoteWebDriver.java:343)at com.BusyQa.Hipaat.TestBase.TestBaseClass.getScreenShot(TestBaseClass.java:94)at sun.reflect.NativeMethodAccessorImpl.invoke0(Native Method)at sun.reflect.NativeMethodAccessorImpl.invoke(NativeMethodAccessorImpl.java:62)at sun.reflect.DelegatingMethodAccessorImpl.invoke(DelegatingMethodAccessorImpl.java:43)at java.lang.reflect.Method.invoke(Method.java:498)at org.testng.internal.MethodInvocationHelper.invokeMethod(MethodInvocationHelper.java:124)at org.testng.internal.MethodInvocationHelper.invokeMethodConsideringTimeout(MethodInvocationHelper.java:59)at org.testng.internal.Invoker.invokeConfigurationMethod(Invoker.java:451)at org.testng.internal.Invoker.invokeConfigurations(Invoker.java:222)at org.testng.internal.Invoker.invokeMethod(Invoker.java:634)at org.testng.internal.Invoker.invokeTestMethod(Invoker.java:707)at org.testng.internal.Invoker.invokeTestMethods(Invoker.java:979)at org.testng.internal.TestMethodWorker.invokeTestMethods(TestMethodWorker.java:125)at org.testng.internal.TestMethodWorker.run(TestMethodWorker.java:109)at org.testng.TestRunner.privateRun(TestRunner.java:648)at org.testng.TestRunner.run(TestRunner.java:505)at org.testng.SuiteRunner.runTest(SuiteRunner.java:455)at org.testng.SuiteRunner.runSequentially(SuiteRunner.java:450)at org.testng.SuiteRunner.privateRun(SuiteRunner.java:415)at org.testng.SuiteRunner.run(SuiteRunner.java:364)at org.testng.SuiteRunnerWorker.runSuite(SuiteRunnerWorker.java:52)at org.testng.SuiteRunnerWorker.run(SuiteRunnerWorker.java:84)at org.testng.TestNG.runSuitesSequentially(TestNG.java:1187)at org.testng.TestNG.runSuitesLocally(TestNG.java:1116)at org.testng.TestNG.runSuites(TestNG.java:1028)at org.testng.TestNG.run(TestNG.java:996)at org.testng.remote.AbstractRemoteTestNG.run(AbstractRemoteTestNG.java:114)at org.testng.remote.RemoteTestNG.initAndRun(RemoteTestNG.java:251)at org.testng.remote.RemoteTestNG.main(RemoteTestNG.java:77)]]>
            </full-stacktrace>
          </exception> <!-- org.openqa.selenium.NoSuchSessionException -->
          <reporter-output>
          </reporter-output>
        </test-method> <!-- TC_027_performoverride -->
        <test-method status="SKIP" signature="tearDown()[pri:0, instance:com.BusyQa.Hipaat.TestCases.BeHO_TC_027@11438d26]" name="tearDown" is-config="true" duration-ms="0" started-at="2018-05-21T13:12:11Z" finished-at="2018-05-21T13:12:11Z">
          <reporter-output>
          </reporter-output>
        </test-method> <!-- tearDown -->
        <test-method status="SKIP" signature="getScreenShot(org.testng.ITestResult)[pri:0, instance:com.BusyQa.Hipaat.TestCases.BeHO_TC_027@11438d26]" name="getScreenShot" is-config="true" duration-ms="0" started-at="2018-05-21T13:12:11Z" finished-at="2018-05-21T13:12:11Z">
          <reporter-output>
          </reporter-output>
        </test-method> <!-- getScreenShot -->
      </class> <!-- com.BusyQa.Hipaat.TestCases.BeHO_TC_027 -->
      <class name="com.BusyQa.Hipaat.TestCases.BeHO_TC_009">
        <test-method status="PASS" signature="setUp()[pri:0, instance:com.BusyQa.Hipaat.TestCases.BeHO_TC_009@76f2b07d]" name="setUp" is-config="true" duration-ms="7099" started-at="2018-05-21T13:11:04Z" finished-at="2018-05-21T13:11:12Z">
          <reporter-output>
          </reporter-output>
        </test-method> <!-- setUp -->
        <test-method status="PASS" signature="TC_009_verifyacknowldg()[pri:0, instance:com.BusyQa.Hipaat.TestCases.BeHO_TC_009@76f2b07d]" name="TC_009_verifyacknowldg" duration-ms="8943" started-at="2018-05-21T13:11:12Z" finished-at="2018-05-21T13:11:21Z">
          <reporter-output>
          </reporter-output>
        </test-method> <!-- TC_009_verifyacknowldg -->
        <test-method status="PASS" signature="tearDown()[pri:0, instance:com.BusyQa.Hipaat.TestCases.BeHO_TC_009@76f2b07d]" name="tearDown" is-config="true" duration-ms="612" started-at="2018-05-21T13:11:21Z" finished-at="2018-05-21T13:11:21Z">
          <reporter-output>
          </reporter-output>
        </test-method> <!-- tearDown -->
        <test-method status="PASS" signature="getScreenShot(org.testng.ITestResult)[pri:0, instance:com.BusyQa.Hipaat.TestCases.BeHO_TC_009@76f2b07d]" name="getScreenShot" is-config="true" duration-ms="0" started-at="2018-05-21T13:11:21Z" finished-at="2018-05-21T13:11:21Z">
          <params>
            <param index="0">
              <value>
                <![CDATA[[TestResult name=TC_009_verifyacknowldg status=SUCCESS method=BeHO_TC_009.TC_009_verifyacknowldg()[pri:0, instance:com.BusyQa.Hipaat.TestCases.BeHO_TC_009@76f2b07d] output={null}]]]>
              </value>
            </param>
          </params>
          <reporter-output>
          </reporter-output>
        </test-method> <!-- getScreenShot -->
      </class> <!-- com.BusyQa.Hipaat.TestCases.BeHO_TC_009 -->
    </test> <!-- Regression tests -->
  </suite> <!-- Hipaat -->
</testng-results>
