<?xml version="1.0" encoding="UTF-8"?>
<!-- Generated by org.testng.reporters.JUnitXMLReporter -->
<testsuite hostname="Farnaaz-PC" ignored="0" name="Regression tests" tests="24" failures="1" timestamp="21 May 2018 17:12:11 GMT" time="158.925" errors="0">
  <testcase name="@AfterMethod getScreenShot" time="0.0" classname="com.BusyQa.Hipaat.TestBase.TestBaseClass">
    <failure type="org.openqa.selenium.NoSuchSessionException" message="Session ID is null. Using WebDriver after calling quit()?
Build info: version: &amp;apos;3.10.0&amp;apos;, revision: &amp;apos;176b4a9&amp;apos;, time: &amp;apos;2018-03-02T19:03:16.397Z&amp;apos;
System info: host: &amp;apos;FARNAAZ-PC&amp;apos;, ip: &amp;apos;192.168.0.11&amp;apos;, os.name: &amp;apos;Windows 7&amp;apos;, os.arch: &amp;apos;amd64&amp;apos;, os.version: &amp;apos;6.1&amp;apos;, java.version: &amp;apos;1.8.0_171&amp;apos;
Driver info: driver.version: RemoteWebDriver">
      <![CDATA[org.openqa.selenium.NoSuchSessionException: Session ID is null. Using WebDriver after calling quit()?Build info: version: '3.10.0', revision: '176b4a9', time: '2018-03-02T19:03:16.397Z'System info: host: 'FARNAAZ-PC', ip: '192.168.0.11', os.name: 'Windows 7', os.arch: 'amd64', os.version: '6.1', java.version: '1.8.0_171'Driver info: driver.version: RemoteWebDriverat org.openqa.selenium.remote.HttpCommandExecutor.execute(HttpCommandExecutor.java:127)at org.openqa.selenium.remote.service.DriverCommandExecutor.execute(DriverCommandExecutor.java:83)at org.openqa.selenium.remote.RemoteWebDriver.execute(RemoteWebDriver.java:601)at org.openqa.selenium.remote.RemoteWebDriver.execute(RemoteWebDriver.java:658)at org.openqa.selenium.remote.RemoteWebDriver.getScreenshotAs(RemoteWebDriver.java:343)at com.BusyQa.Hipaat.TestBase.TestBaseClass.getScreenShot(TestBaseClass.java:94)... Removed 28 stack frames]]>
    </failure>
  </testcase> <!-- @AfterMethod getScreenShot -->
  <testcase name="@BeforeMethod setUp" time="0.0" classname="com.BusyQa.Hipaat.TestCases.BeHO_TC_020">
    <skipped/>
  </testcase> <!-- @BeforeMethod setUp -->
  <testcase name="@AfterMethod tearDown" time="0.0" classname="com.BusyQa.Hipaat.TestCases.BeHO_TC_020">
    <skipped/>
  </testcase> <!-- @AfterMethod tearDown -->
  <testcase name="@AfterMethod getScreenShot" time="0.0" classname="com.BusyQa.Hipaat.TestBase.TestBaseClass">
    <skipped/>
  </testcase> <!-- @AfterMethod getScreenShot -->
  <testcase name="@BeforeMethod setUp" time="0.0" classname="com.BusyQa.Hipaat.TestCases.BeHO_TC_021">
    <skipped/>
  </testcase> <!-- @BeforeMethod setUp -->
  <testcase name="@AfterMethod tearDown" time="0.0" classname="com.BusyQa.Hipaat.TestCases.BeHO_TC_021">
    <skipped/>
  </testcase> <!-- @AfterMethod tearDown -->
  <testcase name="@AfterMethod getScreenShot" time="0.0" classname="com.BusyQa.Hipaat.TestBase.TestBaseClass">
    <skipped/>
  </testcase> <!-- @AfterMethod getScreenShot -->
  <testcase name="@BeforeMethod setUp" time="0.0" classname="com.BusyQa.Hipaat.TestCases.BeHO_TC_022">
    <skipped/>
  </testcase> <!-- @BeforeMethod setUp -->
  <testcase name="@AfterMethod tearDown" time="0.0" classname="com.BusyQa.Hipaat.TestCases.BeHO_TC_022">
    <skipped/>
  </testcase> <!-- @AfterMethod tearDown -->
  <testcase name="@AfterMethod getScreenShot" time="0.0" classname="com.BusyQa.Hipaat.TestBase.TestBaseClass">
    <skipped/>
  </testcase> <!-- @AfterMethod getScreenShot -->
  <testcase name="@BeforeMethod setUp" time="0.0" classname="com.BusyQa.Hipaat.TestCases.BeHO_TC_025">
    <skipped/>
  </testcase> <!-- @BeforeMethod setUp -->
  <testcase name="@AfterMethod tearDown" time="0.0" classname="com.BusyQa.Hipaat.TestCases.BeHO_TC_025">
    <skipped/>
  </testcase> <!-- @AfterMethod tearDown -->
  <testcase name="@AfterMethod getScreenShot" time="0.0" classname="com.BusyQa.Hipaat.TestBase.TestBaseClass">
    <skipped/>
  </testcase> <!-- @AfterMethod getScreenShot -->
  <testcase name="@BeforeMethod setUp" time="0.0" classname="com.BusyQa.Hipaat.TestCases.BeHO_TC_026">
    <skipped/>
  </testcase> <!-- @BeforeMethod setUp -->
  <testcase name="@AfterMethod tearDown" time="0.0" classname="com.BusyQa.Hipaat.TestCases.BeHO_TC_026">
    <skipped/>
  </testcase> <!-- @AfterMethod tearDown -->
  <testcase name="@AfterMethod getScreenShot" time="0.0" classname="com.BusyQa.Hipaat.TestBase.TestBaseClass">
    <skipped/>
  </testcase> <!-- @AfterMethod getScreenShot -->
  <testcase name="@BeforeMethod setUp" time="0.0" classname="com.BusyQa.Hipaat.TestCases.BeHO_TC_027">
    <skipped/>
  </testcase> <!-- @BeforeMethod setUp -->
  <testcase name="@AfterMethod tearDown" time="0.0" classname="com.BusyQa.Hipaat.TestCases.BeHO_TC_027">
    <skipped/>
  </testcase> <!-- @AfterMethod tearDown -->
  <testcase name="@AfterMethod getScreenShot" time="0.0" classname="com.BusyQa.Hipaat.TestBase.TestBaseClass">
    <skipped/>
  </testcase> <!-- @AfterMethod getScreenShot -->
  <testcase name="@BeforeMethod setUp" time="0.0" classname="com.BusyQa.Hipaat.TestCases.BeHO_TC_028">
    <skipped/>
  </testcase> <!-- @BeforeMethod setUp -->
  <testcase name="@AfterMethod tearDown" time="0.0" classname="com.BusyQa.Hipaat.TestCases.BeHO_TC_028">
    <skipped/>
  </testcase> <!-- @AfterMethod tearDown -->
  <testcase name="@AfterMethod getScreenShot" time="0.0" classname="com.BusyQa.Hipaat.TestBase.TestBaseClass">
    <skipped/>
  </testcase> <!-- @AfterMethod getScreenShot -->
  <testcase name="@BeforeMethod setUp" time="0.0" classname="com.BusyQa.Hipaat.TestCases.BeHO_TC_029">
    <skipped/>
  </testcase> <!-- @BeforeMethod setUp -->
  <testcase name="@AfterMethod tearDown" time="0.0" classname="com.BusyQa.Hipaat.TestCases.BeHO_TC_029">
    <skipped/>
  </testcase> <!-- @AfterMethod tearDown -->
  <testcase name="@AfterMethod getScreenShot" time="0.0" classname="com.BusyQa.Hipaat.TestBase.TestBaseClass">
    <skipped/>
  </testcase> <!-- @AfterMethod getScreenShot -->
  <testcase name="@BeforeMethod setUp" time="0.0" classname="com.BusyQa.Hipaat.TestCases.BeHO_TC_030">
    <skipped/>
  </testcase> <!-- @BeforeMethod setUp -->
  <testcase name="@AfterMethod tearDown" time="0.0" classname="com.BusyQa.Hipaat.TestCases.BeHO_TC_030">
    <skipped/>
  </testcase> <!-- @AfterMethod tearDown -->
  <testcase name="@AfterMethod getScreenShot" time="0.0" classname="com.BusyQa.Hipaat.TestBase.TestBaseClass">
    <skipped/>
  </testcase> <!-- @AfterMethod getScreenShot -->
  <testcase name="@BeforeMethod setUp" time="0.0" classname="com.BusyQa.Hipaat.TestCases.BeHO_TC_031">
    <skipped/>
  </testcase> <!-- @BeforeMethod setUp -->
  <testcase name="@AfterMethod tearDown" time="0.0" classname="com.BusyQa.Hipaat.TestCases.BeHO_TC_031">
    <skipped/>
  </testcase> <!-- @AfterMethod tearDown -->
  <testcase name="@AfterMethod getScreenShot" time="0.0" classname="com.BusyQa.Hipaat.TestBase.TestBaseClass">
    <skipped/>
  </testcase> <!-- @AfterMethod getScreenShot -->
  <testcase name="@BeforeMethod setUp" time="0.0" classname="com.BusyQa.Hipaat.TestCases.BeHO_TC_032">
    <skipped/>
  </testcase> <!-- @BeforeMethod setUp -->
  <testcase name="@AfterMethod tearDown" time="0.0" classname="com.BusyQa.Hipaat.TestCases.BeHO_TC_032">
    <skipped/>
  </testcase> <!-- @AfterMethod tearDown -->
  <testcase name="@AfterMethod getScreenShot" time="0.0" classname="com.BusyQa.Hipaat.TestBase.TestBaseClass">
    <skipped/>
  </testcase> <!-- @AfterMethod getScreenShot -->
  <testcase name="@BeforeMethod setUp" time="0.0" classname="com.BusyQa.Hipaat.TestCases.BeHO_TC_033">
    <skipped/>
  </testcase> <!-- @BeforeMethod setUp -->
  <testcase name="@AfterMethod tearDown" time="0.0" classname="com.BusyQa.Hipaat.TestCases.BeHO_TC_033">
    <skipped/>
  </testcase> <!-- @AfterMethod tearDown -->
  <testcase name="@AfterMethod getScreenShot" time="0.0" classname="com.BusyQa.Hipaat.TestBase.TestBaseClass">
    <skipped/>
  </testcase> <!-- @AfterMethod getScreenShot -->
  <testcase name="@BeforeMethod setUp" time="0.0" classname="com.BusyQa.Hipaat.TestCases.BeHO_TC_034">
    <skipped/>
  </testcase> <!-- @BeforeMethod setUp -->
  <testcase name="@AfterMethod tearDown" time="0.0" classname="com.BusyQa.Hipaat.TestCases.BeHO_TC_034">
    <skipped/>
  </testcase> <!-- @AfterMethod tearDown -->
  <testcase name="@AfterMethod getScreenShot" time="0.0" classname="com.BusyQa.Hipaat.TestBase.TestBaseClass">
    <skipped/>
  </testcase> <!-- @AfterMethod getScreenShot -->
  <testcase name="@BeforeMethod setUp" time="0.0" classname="com.BusyQa.Hipaat.TestCases.BeHO_TC_035">
    <skipped/>
  </testcase> <!-- @BeforeMethod setUp -->
  <testcase name="@AfterMethod tearDown" time="0.0" classname="com.BusyQa.Hipaat.TestCases.BeHO_TC_035">
    <skipped/>
  </testcase> <!-- @AfterMethod tearDown -->
  <testcase name="@AfterMethod getScreenShot" time="0.0" classname="com.BusyQa.Hipaat.TestBase.TestBaseClass">
    <skipped/>
  </testcase> <!-- @AfterMethod getScreenShot -->
  <testcase name="@BeforeMethod setUp" time="0.0" classname="com.BusyQa.Hipaat.TestCases.BeHO_TC_036">
    <skipped/>
  </testcase> <!-- @BeforeMethod setUp -->
  <testcase name="@AfterMethod tearDown" time="0.0" classname="com.BusyQa.Hipaat.TestCases.BeHO_TC_036">
    <skipped/>
  </testcase> <!-- @AfterMethod tearDown -->
  <testcase name="@AfterMethod getScreenShot" time="0.0" classname="com.BusyQa.Hipaat.TestBase.TestBaseClass">
    <skipped/>
  </testcase> <!-- @AfterMethod getScreenShot -->
  <testcase name="TC_001_policycreation" time="14.642" classname="com.BusyQa.Hipaat.TestCases.BeHO_TC_001"/>
  <testcase name="TC_006_purposeofuse" time="8.289" classname="com.BusyQa.Hipaat.TestCases.BeHO_TC_006"/>
  <testcase name="TC_007_conflictpolicy" time="26.241" classname="com.BusyQa.Hipaat.TestCases.BeHO_TC_007"/>
  <testcase name="TC_008_verifySearch" time="8.936" classname="com.BusyQa.Hipaat.TestCases.BeHO_TC_008"/>
  <testcase name="TC_009_verifyacknowldg" time="8.943" classname="com.BusyQa.Hipaat.TestCases.BeHO_TC_009"/>
  <testcase name="TC_011_verifyScheduling" time="5.398" classname="com.BusyQa.Hipaat.TestCases.BeHO_TC_011"/>
  <testcase name="TC_016_ActivePoliciesReport" time="5.132" classname="com.BusyQa.Hipaat.TestCases.BeHO_TC_016"/>
  <testcase name="TC_017_auditReport" time="5.541" classname="com.BusyQa.Hipaat.TestCases.BeHO_TC_017"/>
  <testcase name="TC_018_verifybase53Error" time="0.893" classname="com.BusyQa.Hipaat.TestCases.BeHO_TC_018">
    <failure type="java.lang.AssertionError" message="The following asserts failed:
	expected [false] but found [true]">
      <![CDATA[java.lang.AssertionError: The following asserts failed:expected [false] but found [true]at com.BusyQa.Hipaat.TestCases.BeHO_TC_018.TC_018_verifybase53Error(BeHO_TC_018.java:76)... Removed 26 stack frames]]>
    </failure>
  </testcase> <!-- TC_018_verifybase53Error -->
  <testcase name="TC_020_verifyHelp_Security" time="0.0" classname="com.BusyQa.Hipaat.TestCases.BeHO_TC_020">
    <skipped/>
  </testcase> <!-- TC_020_verifyHelp_Security -->
  <testcase name="TC_021_verifyHelp_Patientpage" time="0.0" classname="com.BusyQa.Hipaat.TestCases.BeHO_TC_021">
    <skipped/>
  </testcase> <!-- TC_021_verifyHelp_Patientpage -->
  <testcase name="TC_022_verifyHelp_Reportpage" time="0.0" classname="com.BusyQa.Hipaat.TestCases.BeHO_TC_022">
    <skipped/>
  </testcase> <!-- TC_022_verifyHelp_Reportpage -->
  <testcase name="TC_025_systemConsentDir" time="0.0" classname="com.BusyQa.Hipaat.TestCases.BeHO_TC_025">
    <skipped/>
  </testcase> <!-- TC_025_systemConsentDir -->
  <testcase name="TC_026_systemConsentDir" time="0.0" classname="com.BusyQa.Hipaat.TestCases.BeHO_TC_026">
    <skipped/>
  </testcase> <!-- TC_026_systemConsentDir -->
  <testcase name="TC_027_performoverride" time="0.0" classname="com.BusyQa.Hipaat.TestCases.BeHO_TC_027">
    <skipped/>
  </testcase> <!-- TC_027_performoverride -->
  <testcase name="TC_028_revokeall_systemConsentDir" time="0.0" classname="com.BusyQa.Hipaat.TestCases.BeHO_TC_028">
    <skipped/>
  </testcase> <!-- TC_028_revokeall_systemConsentDir -->
  <testcase name="TC_029_revokeall_activepolicies" time="0.0" classname="com.BusyQa.Hipaat.TestCases.BeHO_TC_029">
    <skipped/>
  </testcase> <!-- TC_029_revokeall_activepolicies -->
  <testcase name="TC_030_overridereason" time="0.0" classname="com.BusyQa.Hipaat.TestCases.BeHO_TC_030">
    <skipped/>
  </testcase> <!-- TC_030_overridereason -->
  <testcase name="TC_031_disclosuremethod" time="0.0" classname="com.BusyQa.Hipaat.TestCases.BeHO_TC_031">
    <skipped/>
  </testcase> <!-- TC_031_disclosuremethod -->
  <testcase name="TC_032_categorycode" time="0.0" classname="com.BusyQa.Hipaat.TestCases.BeHO_TC_032">
    <skipped/>
  </testcase> <!-- TC_032_categorycode -->
  <testcase name="TC_033_confidentiality" time="0.0" classname="com.BusyQa.Hipaat.TestCases.BeHO_TC_033">
    <skipped/>
  </testcase> <!-- TC_033_confidentiality -->
  <testcase name="TC_034_authoritytype" time="0.0" classname="com.BusyQa.Hipaat.TestCases.BeHO_TC_034">
    <skipped/>
  </testcase> <!-- TC_034_authoritytype -->
  <testcase name="TC_035_authority" time="0.0" classname="com.BusyQa.Hipaat.TestCases.BeHO_TC_035">
    <skipped/>
  </testcase> <!-- TC_035_authority -->
  <testcase name="TC_036_metadata" time="0.0" classname="com.BusyQa.Hipaat.TestCases.BeHO_TC_036">
    <skipped/>
  </testcase> <!-- TC_036_metadata -->
</testsuite> <!-- Regression tests -->
